<?xml version="1.0" encoding="UTF-8"?>
<testsuite xmlns:xsi="http://www.w3.org/2001/XMLSchema-instance" xsi:noNamespaceSchemaLocation="https://maven.apache.org/surefire/maven-failsafe-plugin/xsd/failsafe-test-report-3.0.xsd" version="3.0" name="CucumberTestSuite" time="82.9" tests="5" errors="0" skipped="0" failures="0">
  <properties>
[...]
</properties>
  <testcase name="As a user I have to be able to login in ToolsQa" classname="Login" time="27.703">
    <system-out><![CDATA[10:26:52.674 [main] INFO io.cucumber.core.plugin.SerenityReporter - Running feature from file:///D:/WebProgramming/section20/src/test/resources/features/Login.feature
10:26:52.997 [main] INFO  - 

-------------------------------------------------------------------------------------
     _______. _______ .______       _______ .__   __.  __  .___________.____    ____ 
    /       ||   ____||   _  \     |   ____||  \ |  | |  | |           |\   \  /   / 
   |   (----`|  |__   |  |_)  |    |  |__   |   \|  | |  | `---|  |----` \   \/   /  
    \   \    |   __|  |      /     |   __|  |  . `  | |  |     |  |       \_    _/   
.----)   |   |  |____ |  |\  \----.|  |____ |  |\   | |  |     |  |         |  |     
|_______/    |_______|| _| `._____||_______||__| \__| |__|     |__|         |__|    
                                                                                     
 News and tutorials at http://www.serenity-bdd.info                                  
 Documentation at https://wakaleo.gitbooks.io/the-serenity-book/content/             
 Join the Serenity Community on Gitter: https://gitter.im/serenity-bdd/serenity-core 
 Serenity BDD Support and Training at http://serenity-bdd.info/#/trainingandsupport  
-------------------------------------------------------------------------------------

10:26:53.000 [main] DEBUG net.thucydides.core.steps.StepEventBus - Test suite started for story net.thucydides.core.model.Story@23282f08
10:26:53.007 [main] INFO  - Test Suite Started: Login
10:26:53.034 [main] INFO io.cucumber.core.plugin.SerenityReporter - Running feature from file:///D:/WebProgramming/section20/src/test/resources/features/Login.feature
10:26:53.037 [main] DEBUG net.thucydides.core.steps.StepEventBus - Test suite started for story net.thucydides.core.model.Story@23282f08
10:26:53.038 [main] INFO  - Test Suite Started: Login

Scenario: As a user I have to be able to login in ToolsQa &amp#27;[90m# src/test/resources/features/Login.feature:6&amp#27;[0m
10:26:53.171 [main] INFO io.cucumber.core.plugin.SerenityReporter - Running feature from file:///D:/WebProgramming/section20/src/test/resources/features/Login.feature
10:26:53.295 [main] INFO  - 
  _____   ___   ___   _____     ___   _____     _     ___   _____   ___   ___  
 |_   _| | __| / __| |_   _|   / __| |_   _|   /_\   | _ \ |_   _| | __| |   \ 
   | |   | _|  \__ \   | |     \__ \   | |    / _ \  |   /   | |   | _|  | |) |
   |_|   |___| |___/   |_|     |___/   |_|   /_/ \_\ |_|_\   |_|   |___| |___/ 

As a user I have to be able to login in ToolsQa(login;as-a-user-i-have-to-be-able-to-login-in-toolsqa)
--------------------------------------------------------------------------------
10:26:54.282 [main] DEBUG net.thucydides.core.steps.StepInterceptor - STARTING STEP: LoginSteps.iAmOnTheLoginPage - openUrl
10:26:54.494 [main] INFO net.serenitybdd.core.webdriver.driverproviders.ChromeDriverProvider - Using automatically driver download
10:26:55.348 [main] DEBUG io.github.bonigarcia.wdm.cache.ResolutionCache - Resolution chrome=99 in cache (valid until 11:23:23 30/03/2022 WIB)
10:26:55.356 [main] DEBUG io.github.bonigarcia.wdm.cache.ResolutionCache - Resolution chrome99=99.0.4844.51 in cache (valid until 10:23:23 31/03/2022 WIB)
10:26:55.362 [main] INFO io.github.bonigarcia.wdm.WebDriverManager - Using chromedriver 99.0.4844.51 (resolved driver for Chrome 99)
10:26:55.397 [main] DEBUG io.github.bonigarcia.wdm.WebDriverManager - Driver chromedriver 99.0.4844.51 found in cache
10:26:55.398 [main] INFO io.github.bonigarcia.wdm.WebDriverManager - Exporting webdriver.chrome.driver as C:\Users\USER\.cache\selenium\chromedriver\win32\99.0.4844.51\chromedriver.exe
10:26:56.321 [main] DEBUG net.thucydides.core.reflection.ClassFinder - Could not load class .CucumberTestSuite
10:26:56.322 [main] DEBUG net.thucydides.core.reflection.ClassFinder - Could not load class .starter.pages.HomePage
10:26:56.322 [main] DEBUG net.thucydides.core.reflection.ClassFinder - Could not load class .starter.pages.LoginPage
10:26:56.322 [main] DEBUG net.thucydides.core.reflection.ClassFinder - Could not load class .starter.stepdefinitions.LoginSteps
10:26:56.322 [main] DEBUG net.thucydides.core.reflection.ClassFinder - Could not load class META-INF.versions.9.com.sun.istack.logging.StackHelper
10:26:56.322 [main] DEBUG net.thucydides.core.reflection.ClassFinder - Could not load class META-INF.versions.9.com.sun.xml.bind.v2.runtime.reflect.opt.AccessorInjector
10:26:56.323 [main] DEBUG net.thucydides.core.reflection.ClassFinder - Could not load class META-INF.versions.9.com.sun.xml.bind.v2.runtime.reflect.opt.Injector
10:26:56.323 [main] DEBUG net.thucydides.core.reflection.ClassFinder - Could not load class META-INF.versions.9.com.sun.xml.bind.v2.runtime.reflect.opt.OptimizedAccessorFactory
10:26:56.323 [main] DEBUG net.thucydides.core.reflection.ClassFinder - Could not load class META-INF.versions.9.com.sun.xml.bind.v2.runtime.reflect.opt.OptimizedTransducedAccessorFactory
10:26:56.324 [main] DEBUG net.thucydides.core.reflection.ClassFinder - Could not load class META-INF.versions.9.io.opentelemetry.sdk.internal.CurrentJavaVersionSpecific
10:26:56.324 [main] DEBUG net.thucydides.core.reflection.ClassFinder - Could not load class META-INF.versions.9.io.opentelemetry.sdk.internal.Java9VersionSpecific
10:26:56.324 [main] DEBUG net.thucydides.core.reflection.ClassFinder - Could not load class META-INF.versions.9.javax.xml.bind.ModuleUtil
10:26:56.325 [main] DEBUG net.thucydides.core.reflection.ClassFinder - Could not load class META-INF.versions.9.module-info
10:26:56.325 [main] DEBUG net.thucydides.core.reflection.ClassFinder - Could not load class META-INF.versions.9.org.junit.platform.commons.util.ModuleUtils
10:26:56.692 [main] DEBUG net.thucydides.core.reflection.ClassFinder - Could not load class com.google.gson.internal.
10:26:56.891 [main] DEBUG net.thucydides.core.reflection.ClassFinder - Could not load class com.sun.xml.bind.v2.runtime.output.FastInfosetStreamWriterOutput
10:26:57.401 [main] DEBUG net.thucydides.core.reflection.ClassFinder - Could not load class module-info
10:27:02.684 [main] DEBUG io.netty.util.internal.logging.InternalLoggerFactory - Using SLF4J as the default logging framework
10:27:02.689 [main] DEBUG io.netty.util.ResourceLeakDetector - -Dio.netty.leakDetection.level: simple
10:27:02.689 [main] DEBUG io.netty.util.ResourceLeakDetector - -Dio.netty.leakDetection.targetRecords: 4
10:27:02.693 [main] DEBUG io.netty.util.ResourceLeakDetectorFactory - Loaded default ResourceLeakDetector: io.netty.util.ResourceLeakDetector@1c0d92e5
10:27:02.713 [main] DEBUG io.netty.util.internal.PlatformDependent0 - -Dio.netty.noUnsafe: false
10:27:02.713 [main] DEBUG io.netty.util.internal.PlatformDependent0 - Java version: 17
10:27:02.714 [main] DEBUG io.netty.util.internal.PlatformDependent0 - sun.misc.Unsafe.theUnsafe: available
10:27:02.715 [main] DEBUG io.netty.util.internal.PlatformDependent0 - sun.misc.Unsafe.copyMemory: available
10:27:02.716 [main] DEBUG io.netty.util.internal.PlatformDependent0 - java.nio.Buffer.address: available
10:27:02.717 [main] DEBUG io.netty.util.internal.PlatformDependent0 - direct buffer constructor: unavailable: Reflective setAccessible(true) disabled
10:27:02.717 [main] DEBUG io.netty.util.internal.PlatformDependent0 - java.nio.Bits.unaligned: available, true
10:27:02.718 [main] DEBUG io.netty.util.internal.PlatformDependent0 - jdk.internal.misc.Unsafe.allocateUninitializedArray(int): unavailable: class io.netty.util.internal.PlatformDependent0$6 cannot access class jdk.internal.misc.Unsafe (in module java.base) because module java.base does not export jdk.internal.misc to unnamed module @77eca502
10:27:02.720 [main] DEBUG io.netty.util.internal.PlatformDependent0 - java.nio.DirectByteBuffer.<init>(long, int): unavailable
10:27:02.720 [main] DEBUG io.netty.util.internal.PlatformDependent - sun.misc.Unsafe: available
10:27:02.723 [main] DEBUG io.netty.util.internal.PlatformDependent - maxDirectMemory: 2101346304 bytes (maybe)
10:27:02.723 [main] DEBUG io.netty.util.internal.PlatformDependent - -Dio.netty.tmpdir: C:\Users\USER\AppData\Local\Temp (java.io.tmpdir)
10:27:02.723 [main] DEBUG io.netty.util.internal.PlatformDependent - -Dio.netty.bitMode: 64 (sun.arch.data.model)
10:27:02.724 [main] DEBUG io.netty.util.internal.PlatformDependent - Platform: Windows
10:27:02.724 [main] DEBUG io.netty.util.internal.PlatformDependent - -Dio.netty.maxDirectMemory: -1 bytes
10:27:02.724 [main] DEBUG io.netty.util.internal.PlatformDependent - -Dio.netty.uninitializedArrayAllocationThreshold: -1
10:27:02.726 [main] DEBUG io.netty.util.internal.CleanerJava9 - java.nio.ByteBuffer.cleaner(): available
10:27:02.726 [main] DEBUG io.netty.util.internal.PlatformDependent - -Dio.netty.noPreferDirect: false
10:27:02.734 [main] DEBUG io.netty.util.internal.PlatformDependent - org.jctools-core.MpscChunkedArrayQueue: available
10:27:02.757 [main] DEBUG io.netty.util.internal.InternalThreadLocalMap - -Dio.netty.threadLocalMap.stringBuilder.initialSize: 1024
10:27:02.757 [main] DEBUG io.netty.util.internal.InternalThreadLocalMap - -Dio.netty.threadLocalMap.stringBuilder.maxSize: 4096
10:27:02.862 [main] DEBUG io.netty.handler.ssl.JdkSslContext - Default protocols (JDK): [TLSv1.3, TLSv1.2] 
10:27:02.862 [main] DEBUG io.netty.handler.ssl.JdkSslContext - Default cipher suites (JDK): [TLS_ECDHE_ECDSA_WITH_AES_256_GCM_SHA384, TLS_ECDHE_ECDSA_WITH_AES_128_GCM_SHA256, TLS_ECDHE_RSA_WITH_AES_128_GCM_SHA256, TLS_ECDHE_RSA_WITH_AES_256_GCM_SHA384, TLS_ECDHE_RSA_WITH_AES_128_CBC_SHA, TLS_ECDHE_RSA_WITH_AES_256_CBC_SHA, TLS_RSA_WITH_AES_128_GCM_SHA256, TLS_RSA_WITH_AES_128_CBC_SHA, TLS_RSA_WITH_AES_256_CBC_SHA, TLS_AES_128_GCM_SHA256, TLS_AES_256_GCM_SHA384]
10:27:02.899 [main] DEBUG io.netty.channel.MultithreadEventLoopGroup - -Dio.netty.eventLoopThreads: 16
10:27:02.910 [main] DEBUG io.netty.channel.nio.NioEventLoop - -Dio.netty.noKeySetOptimization: false
10:27:02.910 [main] DEBUG io.netty.channel.nio.NioEventLoop - -Dio.netty.selectorAutoRebuildThreshold: 512
10:27:02.975 [main] DEBUG io.netty.buffer.PooledByteBufAllocator - -Dio.netty.allocator.numHeapArenas: 16
10:27:02.975 [main] DEBUG io.netty.buffer.PooledByteBufAllocator - -Dio.netty.allocator.numDirectArenas: 16
10:27:02.975 [main] DEBUG io.netty.buffer.PooledByteBufAllocator - -Dio.netty.allocator.pageSize: 8192
10:27:02.975 [main] DEBUG io.netty.buffer.PooledByteBufAllocator - -Dio.netty.allocator.maxOrder: 11
10:27:02.976 [main] DEBUG io.netty.buffer.PooledByteBufAllocator - -Dio.netty.allocator.chunkSize: 16777216
10:27:02.976 [main] DEBUG io.netty.buffer.PooledByteBufAllocator - -Dio.netty.allocator.smallCacheSize: 256
10:27:02.976 [main] DEBUG io.netty.buffer.PooledByteBufAllocator - -Dio.netty.allocator.normalCacheSize: 64
10:27:02.976 [main] DEBUG io.netty.buffer.PooledByteBufAllocator - -Dio.netty.allocator.maxCachedBufferCapacity: 32768
10:27:02.976 [main] DEBUG io.netty.buffer.PooledByteBufAllocator - -Dio.netty.allocator.cacheTrimInterval: 8192
10:27:02.976 [main] DEBUG io.netty.buffer.PooledByteBufAllocator - -Dio.netty.allocator.cacheTrimIntervalMillis: 0
10:27:02.976 [main] DEBUG io.netty.buffer.PooledByteBufAllocator - -Dio.netty.allocator.useCacheForAllThreads: true
10:27:02.976 [main] DEBUG io.netty.buffer.PooledByteBufAllocator - -Dio.netty.allocator.maxCachedByteBuffersPerChunk: 1023
10:27:02.989 [main] DEBUG io.netty.buffer.ByteBufUtil - -Dio.netty.allocator.type: pooled
10:27:02.989 [main] DEBUG io.netty.buffer.ByteBufUtil - -Dio.netty.threadLocalDirectBufferSize: 0
10:27:02.989 [main] DEBUG io.netty.buffer.ByteBufUtil - -Dio.netty.maxThreadLocalCharBufferSize: 16384
10:27:03.268 [main] DEBUG net.serenitybdd.core.webdriver.driverproviders.ProvideNewDriver - Instantiating driver
10:27:03.269 [main] DEBUG net.serenitybdd.core.webdriver.driverproviders.ProvideNewDriver - Driver capabilities: Capabilities {acceptInsecureCerts: false, base.url: https://demoqa.com/, browserName: chrome, chrome.driver: src/test/resources/webdrive..., driver: chrome, goog:chromeOptions: {args: [], extensions: []}}
10:27:04.249 [Forwarding newSession on session null to remote] DEBUG io.netty.channel.DefaultChannelId - -Dio.netty.processId: 8540 (auto-detected)
10:27:04.252 [Forwarding newSession on session null to remote] DEBUG io.netty.util.NetUtil - -Djava.net.preferIPv4Stack: false
10:27:04.252 [Forwarding newSession on session null to remote] DEBUG io.netty.util.NetUtil - -Djava.net.preferIPv6Addresses: false
10:27:04.267 [Forwarding newSession on session null to remote] DEBUG io.netty.util.NetUtilInitializations - Loopback interface: lo (Software Loopback Interface 1, 127.0.0.1)
10:27:04.268 [Forwarding newSession on session null to remote] DEBUG io.netty.util.NetUtil - Failed to get SOMAXCONN from sysctl and file \proc\sys\net\core\somaxconn. Default: 200
10:27:04.312 [Forwarding newSession on session null to remote] DEBUG io.netty.channel.DefaultChannelId - -Dio.netty.machineId: 14:18:c3:ff:fe:2d:be:8c (auto-detected)
10:27:04.374 [AsyncHttpClient-1-2] DEBUG io.netty.buffer.AbstractByteBuf - -Dio.netty.buffer.checkAccessible: true
10:27:04.375 [AsyncHttpClient-1-2] DEBUG io.netty.buffer.AbstractByteBuf - -Dio.netty.buffer.checkBounds: true
10:27:04.375 [AsyncHttpClient-1-2] DEBUG io.netty.util.ResourceLeakDetectorFactory - Loaded default ResourceLeakDetector: io.netty.util.ResourceLeakDetector@1e55ab3
10:27:04.390 [AsyncHttpClient-1-2] DEBUG org.asynchttpclient.netty.channel.NettyConnectListener - Using new Channel '[id: 0xc1d3d0b3, L:/127.0.0.1:55084 - R:localhost/127.0.0.1:56308]' for 'POST' to '/session'
10:27:04.413 [AsyncHttpClient-1-2] DEBUG io.netty.util.Recycler - -Dio.netty.recycler.maxCapacityPerThread: 4096
10:27:04.413 [AsyncHttpClient-1-2] DEBUG io.netty.util.Recycler - -Dio.netty.recycler.ratio: 8
10:27:04.413 [AsyncHttpClient-1-2] DEBUG io.netty.util.Recycler - -Dio.netty.recycler.chunkSize: 32
10:27:04.413 [AsyncHttpClient-1-2] DEBUG io.netty.util.Recycler - -Dio.netty.recycler.blocking: false
10:27:06.790 [AsyncHttpClient-1-2] DEBUG io.netty.handler.codec.compression.Brotli - brotli4j not in the classpath; Brotli support will be unavailable.
10:27:06.790 [AsyncHttpClient-1-2] DEBUG org.asynchttpclient.netty.handler.HttpHandler - 

Request DefaultHttpRequest(decodeResult: success, version: HTTP/1.1)
POST /session HTTP/1.1
User-Agent: selenium/4.1.2 (java windows)
Content-Length: 605
Content-Type: application/json; charset=utf-8
host: localhost:56308
accept: */*

Response DefaultHttpResponse(decodeResult: success, version: HTTP/1.1)
HTTP/1.1 200 OK
Content-Type: application/json; charset=utf-8
cache-control: no-cache
content-length: 785

10:27:06.797 [AsyncHttpClient-1-2] DEBUG org.asynchttpclient.netty.channel.ChannelManager - Adding key: http://localhost:56308 for channel [id: 0xc1d3d0b3, L:/127.0.0.1:55084 - R:localhost/127.0.0.1:56308]
10:27:06.860 [AsyncHttpClient-1-3] DEBUG org.asynchttpclient.netty.channel.NettyConnectListener - Using new Channel '[id: 0x9b4d6e12, L:/127.0.0.1:55091 - R:localhost/127.0.0.1:55085]' for 'GET' to '/json/version'
10:27:06.869 [AsyncHttpClient-1-3] DEBUG org.asynchttpclient.netty.handler.HttpHandler - 

Request DefaultFullHttpRequest(decodeResult: success, version: HTTP/1.1, content: EmptyByteBufBE)
GET /json/version HTTP/1.1
User-Agent: selenium/4.1.2 (java windows)
host: localhost:55085
accept: */*

Response DefaultHttpResponse(decodeResult: success, version: HTTP/1.1)
HTTP/1.1 200 OK
Content-Type: application/json; charset=UTF-8
content-length: 424

10:27:06.870 [AsyncHttpClient-1-3] DEBUG org.asynchttpclient.netty.channel.ChannelManager - Adding key: http://localhost:55085 for channel [id: 0x9b4d6e12, L:/127.0.0.1:55091 - R:localhost/127.0.0.1:55085]
10:27:06.880 [main] DEBUG io.netty.util.internal.ThreadLocalRandom - -Dio.netty.initialSeedUniquifier: 0xa4decc0949466b8a
10:27:06.885 [AsyncHttpClient-1-4] DEBUG org.asynchttpclient.netty.channel.NettyConnectListener - Using new Channel '[id: 0xda497d49, L:/127.0.0.1:55092 - R:localhost/127.0.0.1:55085]' for 'GET' to '/devtools/browser/f01f029a-c1bd-4bae-94af-cc550899c0b6'
10:27:06.902 [AsyncHttpClient-1-4] DEBUG org.asynchttpclient.netty.handler.WebSocketHandler - 

Request DefaultFullHttpRequest(decodeResult: success, version: HTTP/1.1, content: EmptyByteBufBE)
GET /devtools/browser/f01f029a-c1bd-4bae-94af-cc550899c0b6 HTTP/1.1
upgrade: websocket
connection: upgrade
sec-websocket-key: YVmpB/DlJVyQtec6VawqAg==
sec-websocket-version: 13
origin: http://localhost:55085
host: localhost:55085
accept: */*
user-agent: AHC/2.1

Response DefaultHttpResponse(decodeResult: success, version: HTTP/1.1)
HTTP/1.1 101 WebSocket Protocol Handshake
Upgrade: WebSocket
Connection: Upgrade
Sec-WebSocket-Accept: GjkLzHREEW7cc9qrEXZDUo2AAK4=

10:27:07.246 [AsyncHttpClient-1-1] DEBUG org.asynchttpclient.netty.channel.DefaultChannelPool - Entry count for : http://localhost:56308 : 1
10:27:07.246 [AsyncHttpClient-1-1] DEBUG org.asynchttpclient.netty.channel.DefaultChannelPool - Entry count for : http://localhost:55085 : 1
10:27:08.304 [main] DEBUG net.thucydides.core.reflection.ClassFinder - Could not load class .CucumberTestSuite
10:27:08.304 [main] DEBUG net.thucydides.core.reflection.ClassFinder - Could not load class .starter.pages.HomePage
10:27:08.304 [main] DEBUG net.thucydides.core.reflection.ClassFinder - Could not load class .starter.pages.LoginPage
10:27:08.304 [main] DEBUG net.thucydides.core.reflection.ClassFinder - Could not load class .starter.stepdefinitions.LoginSteps
10:27:08.305 [main] DEBUG net.thucydides.core.reflection.ClassFinder - Could not load class META-INF.versions.9.com.sun.istack.logging.StackHelper
10:27:08.306 [main] DEBUG net.thucydides.core.reflection.ClassFinder - Could not load class META-INF.versions.9.com.sun.xml.bind.v2.runtime.reflect.opt.AccessorInjector
10:27:08.306 [main] DEBUG net.thucydides.core.reflection.ClassFinder - Could not load class META-INF.versions.9.com.sun.xml.bind.v2.runtime.reflect.opt.Injector
10:27:08.306 [main] DEBUG net.thucydides.core.reflection.ClassFinder - Could not load class META-INF.versions.9.com.sun.xml.bind.v2.runtime.reflect.opt.OptimizedAccessorFactory
10:27:08.307 [main] DEBUG net.thucydides.core.reflection.ClassFinder - Could not load class META-INF.versions.9.com.sun.xml.bind.v2.runtime.reflect.opt.OptimizedTransducedAccessorFactory
10:27:08.307 [main] DEBUG net.thucydides.core.reflection.ClassFinder - Could not load class META-INF.versions.9.io.opentelemetry.sdk.internal.CurrentJavaVersionSpecific
10:27:08.307 [main] DEBUG net.thucydides.core.reflection.ClassFinder - Could not load class META-INF.versions.9.io.opentelemetry.sdk.internal.Java9VersionSpecific
10:27:08.308 [main] DEBUG net.thucydides.core.reflection.ClassFinder - Could not load class META-INF.versions.9.javax.xml.bind.ModuleUtil
10:27:08.308 [main] DEBUG net.thucydides.core.reflection.ClassFinder - Could not load class META-INF.versions.9.module-info
10:27:08.309 [main] DEBUG net.thucydides.core.reflection.ClassFinder - Could not load class META-INF.versions.9.org.junit.platform.commons.util.ModuleUtils
10:27:08.313 [main] DEBUG net.thucydides.core.reflection.ClassFinder - Could not load class com.google.gson.internal.
10:27:08.315 [main] DEBUG net.thucydides.core.reflection.ClassFinder - Could not load class com.sun.xml.bind.v2.runtime.output.FastInfosetStreamWriterOutput
10:27:08.319 [main] DEBUG net.thucydides.core.reflection.ClassFinder - Could not load class module-info
10:27:08.338 [AsyncHttpClient-1-1] DEBUG org.asynchttpclient.netty.channel.DefaultChannelPool - Entry count for : http://localhost:56308 : 1
10:27:08.338 [AsyncHttpClient-1-1] DEBUG org.asynchttpclient.netty.channel.DefaultChannelPool - Entry count for : http://localhost:55085 : 1
10:27:08.354 [Forwarding get on session 8683bf964e2d9f6a5f9586a935a1f19e to remote] DEBUG org.asynchttpclient.netty.request.NettyRequestSender - Using pooled Channel '[id: 0xc1d3d0b3, L:/127.0.0.1:55084 - R:localhost/127.0.0.1:56308]' for 'POST' to 'http://localhost:56308/session/8683bf964e2d9f6a5f9586a935a1f19e/url'
10:27:08.354 [Forwarding get on session 8683bf964e2d9f6a5f9586a935a1f19e to remote] DEBUG org.asynchttpclient.netty.request.NettyRequestSender - Using open Channel [id: 0xc1d3d0b3, L:/127.0.0.1:55084 - R:localhost/127.0.0.1:56308] for POST '/session/8683bf964e2d9f6a5f9586a935a1f19e/url'
10:27:09.446 [AsyncHttpClient-1-1] DEBUG org.asynchttpclient.netty.channel.DefaultChannelPool - Entry count for : http://localhost:55085 : 1
10:27:10.547 [AsyncHttpClient-1-1] DEBUG org.asynchttpclient.netty.channel.DefaultChannelPool - Entry count for : http://localhost:55085 : 1
10:27:11.640 [AsyncHttpClient-1-1] DEBUG org.asynchttpclient.netty.channel.DefaultChannelPool - Entry count for : http://localhost:55085 : 1
10:27:12.738 [AsyncHttpClient-1-1] DEBUG org.asynchttpclient.netty.channel.DefaultChannelPool - Entry count for : http://localhost:55085 : 1
10:27:13.839 [AsyncHttpClient-1-1] DEBUG org.asynchttpclient.netty.channel.DefaultChannelPool - Entry count for : http://localhost:55085 : 1
10:27:14.938 [AsyncHttpClient-1-1] DEBUG org.asynchttpclient.netty.channel.DefaultChannelPool - Entry count for : http://localhost:55085 : 1
10:27:16.038 [AsyncHttpClient-1-1] DEBUG org.asynchttpclient.netty.channel.DefaultChannelPool - Entry count for : http://localhost:55085 : 1
10:27:16.458 [AsyncHttpClient-1-2] DEBUG org.asynchttpclient.netty.handler.HttpHandler - 

Request DefaultHttpRequest(decodeResult: success, version: HTTP/1.1)
POST /session/8683bf964e2d9f6a5f9586a935a1f19e/url HTTP/1.1
User-Agent: selenium/4.1.2 (java windows)
Content-Length: 49
Content-Type: application/json; charset=utf-8
host: localhost:56308
accept: */*

Response DefaultHttpResponse(decodeResult: success, version: HTTP/1.1)
HTTP/1.1 200 OK
Content-Type: application/json; charset=utf-8
cache-control: no-cache
content-length: 14

10:27:16.458 [AsyncHttpClient-1-2] DEBUG org.asynchttpclient.netty.channel.ChannelManager - Adding key: http://localhost:56308 for channel [id: 0xc1d3d0b3, L:/127.0.0.1:55084 - R:localhost/127.0.0.1:56308]
10:27:16.463 [Forwarding setTimeout on session 8683bf964e2d9f6a5f9586a935a1f19e to remote] DEBUG org.asynchttpclient.netty.request.NettyRequestSender - Using pooled Channel '[id: 0xc1d3d0b3, L:/127.0.0.1:55084 - R:localhost/127.0.0.1:56308]' for 'POST' to 'http://localhost:56308/session/8683bf964e2d9f6a5f9586a935a1f19e/timeouts'
10:27:16.464 [Forwarding setTimeout on session 8683bf964e2d9f6a5f9586a935a1f19e to remote] DEBUG org.asynchttpclient.netty.request.NettyRequestSender - Using open Channel [id: 0xc1d3d0b3, L:/127.0.0.1:55084 - R:localhost/127.0.0.1:56308] for POST '/session/8683bf964e2d9f6a5f9586a935a1f19e/timeouts'
10:27:16.558 [AsyncHttpClient-1-2] DEBUG org.asynchttpclient.netty.handler.HttpHandler - 

Request DefaultHttpRequest(decodeResult: success, version: HTTP/1.1)
POST /session/8683bf964e2d9f6a5f9586a935a1f19e/timeouts HTTP/1.1
User-Agent: selenium/4.1.2 (java windows)
Content-Length: 22
Content-Type: application/json; charset=utf-8
host: localhost:56308
accept: */*

Response DefaultHttpResponse(decodeResult: success, version: HTTP/1.1)
HTTP/1.1 200 OK
Content-Type: application/json; charset=utf-8
cache-control: no-cache
content-length: 14

10:27:16.558 [AsyncHttpClient-1-2] DEBUG org.asynchttpclient.netty.channel.ChannelManager - Adding key: http://localhost:56308 for channel [id: 0xc1d3d0b3, L:/127.0.0.1:55084 - R:localhost/127.0.0.1:56308]
10:27:16.565 [Forwarding getCurrentUrl on session 8683bf964e2d9f6a5f9586a935a1f19e to remote] DEBUG org.asynchttpclient.netty.request.NettyRequestSender - Using pooled Channel '[id: 0xc1d3d0b3, L:/127.0.0.1:55084 - R:localhost/127.0.0.1:56308]' for 'GET' to 'http://localhost:56308/session/8683bf964e2d9f6a5f9586a935a1f19e/url'
10:27:16.565 [Forwarding getCurrentUrl on session 8683bf964e2d9f6a5f9586a935a1f19e to remote] DEBUG org.asynchttpclient.netty.request.NettyRequestSender - Using open Channel [id: 0xc1d3d0b3, L:/127.0.0.1:55084 - R:localhost/127.0.0.1:56308] for GET '/session/8683bf964e2d9f6a5f9586a935a1f19e/url'
10:27:16.572 [AsyncHttpClient-1-2] DEBUG org.asynchttpclient.netty.handler.HttpHandler - 

Request DefaultFullHttpRequest(decodeResult: success, version: HTTP/1.1, content: EmptyByteBufBE)
GET /session/8683bf964e2d9f6a5f9586a935a1f19e/url HTTP/1.1
User-Agent: selenium/4.1.2 (java windows)
Cache-Control: no-cache
Content-Type: application/json; charset=utf-8
host: localhost:56308
accept: */*

Response DefaultHttpResponse(decodeResult: success, version: HTTP/1.1)
HTTP/1.1 200 OK
Content-Type: application/json; charset=utf-8
cache-control: no-cache
content-length: 31

10:27:16.572 [AsyncHttpClient-1-2] DEBUG org.asynchttpclient.netty.channel.ChannelManager - Adding key: http://localhost:56308 for channel [id: 0xc1d3d0b3, L:/127.0.0.1:55084 - R:localhost/127.0.0.1:56308]
10:27:16.579 [Forwarding getCurrentUrl on session 8683bf964e2d9f6a5f9586a935a1f19e to remote] DEBUG org.asynchttpclient.netty.request.NettyRequestSender - Using pooled Channel '[id: 0xc1d3d0b3, L:/127.0.0.1:55084 - R:localhost/127.0.0.1:56308]' for 'GET' to 'http://localhost:56308/session/8683bf964e2d9f6a5f9586a935a1f19e/url'
10:27:16.579 [Forwarding getCurrentUrl on session 8683bf964e2d9f6a5f9586a935a1f19e to remote] DEBUG org.asynchttpclient.netty.request.NettyRequestSender - Using open Channel [id: 0xc1d3d0b3, L:/127.0.0.1:55084 - R:localhost/127.0.0.1:56308] for GET '/session/8683bf964e2d9f6a5f9586a935a1f19e/url'
10:27:16.584 [AsyncHttpClient-1-2] DEBUG org.asynchttpclient.netty.handler.HttpHandler - 

Request DefaultFullHttpRequest(decodeResult: success, version: HTTP/1.1, content: EmptyByteBufBE)
GET /session/8683bf964e2d9f6a5f9586a935a1f19e/url HTTP/1.1
User-Agent: selenium/4.1.2 (java windows)
Cache-Control: no-cache
Content-Type: application/json; charset=utf-8
host: localhost:56308
accept: */*

Response DefaultHttpResponse(decodeResult: success, version: HTTP/1.1)
HTTP/1.1 200 OK
Content-Type: application/json; charset=utf-8
cache-control: no-cache
content-length: 31

10:27:16.585 [AsyncHttpClient-1-2] DEBUG org.asynchttpclient.netty.channel.ChannelManager - Adding key: http://localhost:56308 for channel [id: 0xc1d3d0b3, L:/127.0.0.1:55084 - R:localhost/127.0.0.1:56308]
10:27:16.632 [main] DEBUG net.serenitybdd.core.photography.Darkroom - Opening darkroom
10:27:16.634 [Darkroom Processing Line] DEBUG net.serenitybdd.core.photography.DarkroomProcessingLine - Darkroom processing line starting up
10:27:16.636 [Forwarding screenshot on session 8683bf964e2d9f6a5f9586a935a1f19e to remote] DEBUG org.asynchttpclient.netty.request.NettyRequestSender - Using pooled Channel '[id: 0xc1d3d0b3, L:/127.0.0.1:55084 - R:localhost/127.0.0.1:56308]' for 'GET' to 'http://localhost:56308/session/8683bf964e2d9f6a5f9586a935a1f19e/screenshot'
10:27:16.637 [Forwarding screenshot on session 8683bf964e2d9f6a5f9586a935a1f19e to remote] DEBUG org.asynchttpclient.netty.request.NettyRequestSender - Using open Channel [id: 0xc1d3d0b3, L:/127.0.0.1:55084 - R:localhost/127.0.0.1:56308] for GET '/session/8683bf964e2d9f6a5f9586a935a1f19e/screenshot'
10:27:16.834 [AsyncHttpClient-1-2] DEBUG org.asynchttpclient.netty.handler.HttpHandler - 

Request DefaultFullHttpRequest(decodeResult: success, version: HTTP/1.1, content: EmptyByteBufBE)
GET /session/8683bf964e2d9f6a5f9586a935a1f19e/screenshot HTTP/1.1
User-Agent: selenium/4.1.2 (java windows)
Cache-Control: no-cache
Content-Type: application/json; charset=utf-8
host: localhost:56308
accept: */*

Response DefaultHttpResponse(decodeResult: success, version: HTTP/1.1)
HTTP/1.1 200 OK
Content-Type: application/json; charset=utf-8
cache-control: no-cache
content-length: 354340

10:27:16.840 [AsyncHttpClient-1-2] DEBUG org.asynchttpclient.netty.channel.ChannelManager - Adding key: http://localhost:56308 for channel [id: 0xc1d3d0b3, L:/127.0.0.1:55084 - R:localhost/127.0.0.1:56308]
10:27:16.976 [main] DEBUG net.serenitybdd.core.photography.Darkroom - Send negative for processing for target\site\serenity\fffa077e4e4ab46369762d4c762f2f893f35904df60a04a9d106cfc603786265.png
10:27:16.976 [Darkroom Processing Line] DEBUG net.serenitybdd.core.photography.DarkroomProcessingLine - Processing screenshot image in /var/screenshots/screenshot-12273301812794200725
10:27:16.976 [Darkroom Processing Line] DEBUG net.serenitybdd.core.photography.DarkroomProcessingLine - Saving screenshot to target\site\serenity\fffa077e4e4ab46369762d4c762f2f893f35904df60a04a9d106cfc603786265.png
10:27:16.979 [main] DEBUG net.thucydides.core.steps.StepInterceptor - STEP DONE: openUrl
10:27:16.992 [main] DEBUG net.thucydides.core.steps.StepInterceptor - STARTING STEP: LoginSteps.iAmOnTheLoginPage - openBooks
10:27:17.002 [Forwarding findElement on session 8683bf964e2d9f6a5f9586a935a1f19e to remote] DEBUG org.asynchttpclient.netty.request.NettyRequestSender - Using pooled Channel '[id: 0xc1d3d0b3, L:/127.0.0.1:55084 - R:localhost/127.0.0.1:56308]' for 'POST' to 'http://localhost:56308/session/8683bf964e2d9f6a5f9586a935a1f19e/element'
10:27:17.002 [Forwarding findElement on session 8683bf964e2d9f6a5f9586a935a1f19e to remote] DEBUG org.asynchttpclient.netty.request.NettyRequestSender - Using open Channel [id: 0xc1d3d0b3, L:/127.0.0.1:55084 - R:localhost/127.0.0.1:56308] for POST '/session/8683bf964e2d9f6a5f9586a935a1f19e/element'
10:27:17.076 [AsyncHttpClient-1-2] DEBUG org.asynchttpclient.netty.handler.HttpHandler - 

Request DefaultHttpRequest(decodeResult: success, version: HTTP/1.1)
POST /session/8683bf964e2d9f6a5f9586a935a1f19e/element HTTP/1.1
User-Agent: selenium/4.1.2 (java windows)
Content-Length: 73
Content-Type: application/json; charset=utf-8
host: localhost:56308
accept: */*

Response DefaultHttpResponse(decodeResult: success, version: HTTP/1.1)
HTTP/1.1 200 OK
Content-Type: application/json; charset=utf-8
cache-control: no-cache
content-length: 88

10:27:17.076 [AsyncHttpClient-1-2] DEBUG org.asynchttpclient.netty.channel.ChannelManager - Adding key: http://localhost:56308 for channel [id: 0xc1d3d0b3, L:/127.0.0.1:55084 - R:localhost/127.0.0.1:56308]
10:27:17.079 [Forwarding getElementTagName on session 8683bf964e2d9f6a5f9586a935a1f19e to remote] DEBUG org.asynchttpclient.netty.request.NettyRequestSender - Using pooled Channel '[id: 0xc1d3d0b3, L:/127.0.0.1:55084 - R:localhost/127.0.0.1:56308]' for 'GET' to 'http://localhost:56308/session/8683bf964e2d9f6a5f9586a935a1f19e/element/ea0f3c89-0147-4a18-9405-31739f01056d/name'
10:27:17.079 [Forwarding getElementTagName on session 8683bf964e2d9f6a5f9586a935a1f19e to remote] DEBUG org.asynchttpclient.netty.request.NettyRequestSender - Using open Channel [id: 0xc1d3d0b3, L:/127.0.0.1:55084 - R:localhost/127.0.0.1:56308] for GET '/session/8683bf964e2d9f6a5f9586a935a1f19e/element/ea0f3c89-0147-4a18-9405-31739f01056d/name'
10:27:17.091 [AsyncHttpClient-1-2] DEBUG org.asynchttpclient.netty.handler.HttpHandler - 

Request DefaultFullHttpRequest(decodeResult: success, version: HTTP/1.1, content: EmptyByteBufBE)
GET /session/8683bf964e2d9f6a5f9586a935a1f19e/element/ea0f3c89-0147-4a18-9405-31739f01056d/name HTTP/1.1
User-Agent: selenium/4.1.2 (java windows)
Cache-Control: no-cache
Content-Type: application/json; charset=utf-8
host: localhost:56308
accept: */*

Response DefaultHttpResponse(decodeResult: success, version: HTTP/1.1)
HTTP/1.1 200 OK
Content-Type: application/json; charset=utf-8
cache-control: no-cache
content-length: 15

10:27:17.091 [AsyncHttpClient-1-2] DEBUG org.asynchttpclient.netty.channel.ChannelManager - Adding key: http://localhost:56308 for channel [id: 0xc1d3d0b3, L:/127.0.0.1:55084 - R:localhost/127.0.0.1:56308]
10:27:17.096 [Forwarding getElementTagName on session 8683bf964e2d9f6a5f9586a935a1f19e to remote] DEBUG org.asynchttpclient.netty.request.NettyRequestSender - Using pooled Channel '[id: 0xc1d3d0b3, L:/127.0.0.1:55084 - R:localhost/127.0.0.1:56308]' for 'GET' to 'http://localhost:56308/session/8683bf964e2d9f6a5f9586a935a1f19e/element/ea0f3c89-0147-4a18-9405-31739f01056d/name'
10:27:17.096 [Forwarding getElementTagName on session 8683bf964e2d9f6a5f9586a935a1f19e to remote] DEBUG org.asynchttpclient.netty.request.NettyRequestSender - Using open Channel [id: 0xc1d3d0b3, L:/127.0.0.1:55084 - R:localhost/127.0.0.1:56308] for GET '/session/8683bf964e2d9f6a5f9586a935a1f19e/element/ea0f3c89-0147-4a18-9405-31739f01056d/name'
10:27:17.100 [AsyncHttpClient-1-2] DEBUG org.asynchttpclient.netty.handler.HttpHandler - 

Request DefaultFullHttpRequest(decodeResult: success, version: HTTP/1.1, content: EmptyByteBufBE)
GET /session/8683bf964e2d9f6a5f9586a935a1f19e/element/ea0f3c89-0147-4a18-9405-31739f01056d/name HTTP/1.1
User-Agent: selenium/4.1.2 (java windows)
Cache-Control: no-cache
Content-Type: application/json; charset=utf-8
host: localhost:56308
accept: */*

Response DefaultHttpResponse(decodeResult: success, version: HTTP/1.1)
HTTP/1.1 200 OK
Content-Type: application/json; charset=utf-8
cache-control: no-cache
content-length: 15

10:27:17.101 [AsyncHttpClient-1-2] DEBUG org.asynchttpclient.netty.channel.ChannelManager - Adding key: http://localhost:56308 for channel [id: 0xc1d3d0b3, L:/127.0.0.1:55084 - R:localhost/127.0.0.1:56308]
10:27:17.105 [Forwarding findElement on session 8683bf964e2d9f6a5f9586a935a1f19e to remote] DEBUG org.asynchttpclient.netty.request.NettyRequestSender - Using pooled Channel '[id: 0xc1d3d0b3, L:/127.0.0.1:55084 - R:localhost/127.0.0.1:56308]' for 'POST' to 'http://localhost:56308/session/8683bf964e2d9f6a5f9586a935a1f19e/element'
10:27:17.105 [Forwarding findElement on session 8683bf964e2d9f6a5f9586a935a1f19e to remote] DEBUG org.asynchttpclient.netty.request.NettyRequestSender - Using open Channel [id: 0xc1d3d0b3, L:/127.0.0.1:55084 - R:localhost/127.0.0.1:56308] for POST '/session/8683bf964e2d9f6a5f9586a935a1f19e/element'
10:27:17.117 [AsyncHttpClient-1-2] DEBUG org.asynchttpclient.netty.handler.HttpHandler - 

Request DefaultHttpRequest(decodeResult: success, version: HTTP/1.1)
POST /session/8683bf964e2d9f6a5f9586a935a1f19e/element HTTP/1.1
User-Agent: selenium/4.1.2 (java windows)
Content-Length: 73
Content-Type: application/json; charset=utf-8
host: localhost:56308
accept: */*

Response DefaultHttpResponse(decodeResult: success, version: HTTP/1.1)
HTTP/1.1 200 OK
Content-Type: application/json; charset=utf-8
cache-control: no-cache
content-length: 88

10:27:17.118 [AsyncHttpClient-1-2] DEBUG org.asynchttpclient.netty.channel.ChannelManager - Adding key: http://localhost:56308 for channel [id: 0xc1d3d0b3, L:/127.0.0.1:55084 - R:localhost/127.0.0.1:56308]
10:27:17.121 [Forwarding clickElement on session 8683bf964e2d9f6a5f9586a935a1f19e to remote] DEBUG org.asynchttpclient.netty.request.NettyRequestSender - Using pooled Channel '[id: 0xc1d3d0b3, L:/127.0.0.1:55084 - R:localhost/127.0.0.1:56308]' for 'POST' to 'http://localhost:56308/session/8683bf964e2d9f6a5f9586a935a1f19e/element/ea0f3c89-0147-4a18-9405-31739f01056d/click'
10:27:17.121 [Forwarding clickElement on session 8683bf964e2d9f6a5f9586a935a1f19e to remote] DEBUG org.asynchttpclient.netty.request.NettyRequestSender - Using open Channel [id: 0xc1d3d0b3, L:/127.0.0.1:55084 - R:localhost/127.0.0.1:56308] for POST '/session/8683bf964e2d9f6a5f9586a935a1f19e/element/ea0f3c89-0147-4a18-9405-31739f01056d/click'
10:27:17.138 [AsyncHttpClient-1-1] DEBUG org.asynchttpclient.netty.channel.DefaultChannelPool - Entry count for : http://localhost:55085 : 1
10:27:17.307 [AsyncHttpClient-1-2] DEBUG org.asynchttpclient.netty.handler.HttpHandler - 

Request DefaultHttpRequest(decodeResult: success, version: HTTP/1.1)
POST /session/8683bf964e2d9f6a5f9586a935a1f19e/element/ea0f3c89-0147-4a18-9405-31739f01056d/click HTTP/1.1
User-Agent: selenium/4.1.2 (java windows)
Content-Length: 50
Content-Type: application/json; charset=utf-8
host: localhost:56308
accept: */*

Response DefaultHttpResponse(decodeResult: success, version: HTTP/1.1)
HTTP/1.1 200 OK
Content-Type: application/json; charset=utf-8
cache-control: no-cache
content-length: 14

10:27:17.308 [AsyncHttpClient-1-2] DEBUG org.asynchttpclient.netty.channel.ChannelManager - Adding key: http://localhost:56308 for channel [id: 0xc1d3d0b3, L:/127.0.0.1:55084 - R:localhost/127.0.0.1:56308]
10:27:17.315 [Forwarding screenshot on session 8683bf964e2d9f6a5f9586a935a1f19e to remote] DEBUG org.asynchttpclient.netty.request.NettyRequestSender - Using pooled Channel '[id: 0xc1d3d0b3, L:/127.0.0.1:55084 - R:localhost/127.0.0.1:56308]' for 'GET' to 'http://localhost:56308/session/8683bf964e2d9f6a5f9586a935a1f19e/screenshot'
10:27:17.315 [Forwarding screenshot on session 8683bf964e2d9f6a5f9586a935a1f19e to remote] DEBUG org.asynchttpclient.netty.request.NettyRequestSender - Using open Channel [id: 0xc1d3d0b3, L:/127.0.0.1:55084 - R:localhost/127.0.0.1:56308] for GET '/session/8683bf964e2d9f6a5f9586a935a1f19e/screenshot'
10:27:17.620 [AsyncHttpClient-1-2] DEBUG org.asynchttpclient.netty.handler.HttpHandler - 

Request DefaultFullHttpRequest(decodeResult: success, version: HTTP/1.1, content: EmptyByteBufBE)
GET /session/8683bf964e2d9f6a5f9586a935a1f19e/screenshot HTTP/1.1
User-Agent: selenium/4.1.2 (java windows)
Cache-Control: no-cache
Content-Type: application/json; charset=utf-8
host: localhost:56308
accept: */*

Response DefaultHttpResponse(decodeResult: success, version: HTTP/1.1)
HTTP/1.1 200 OK
Content-Type: application/json; charset=utf-8
cache-control: no-cache
content-length: 245024

10:27:17.624 [AsyncHttpClient-1-2] DEBUG org.asynchttpclient.netty.channel.ChannelManager - Adding key: http://localhost:56308 for channel [id: 0xc1d3d0b3, L:/127.0.0.1:55084 - R:localhost/127.0.0.1:56308]
10:27:17.635 [main] DEBUG net.serenitybdd.core.photography.Darkroom - Send negative for processing for target\site\serenity\b57a16af246ab43aaca112b3ed17c36d2427ab75b1361bb11dc6af5047d7ece7.png
10:27:17.635 [main] DEBUG net.thucydides.core.steps.StepInterceptor - STEP DONE: openBooks
10:27:17.636 [Darkroom Processing Line] DEBUG net.serenitybdd.core.photography.DarkroomProcessingLine - Processing screenshot image in /var/screenshots/screenshot-13806921395847643570
10:27:17.636 [Darkroom Processing Line] DEBUG net.serenitybdd.core.photography.DarkroomProcessingLine - Saving screenshot to target\site\serenity\b57a16af246ab43aaca112b3ed17c36d2427ab75b1361bb11dc6af5047d7ece7.png
10:27:17.651 [main] DEBUG net.thucydides.core.steps.StepInterceptor - STARTING STEP: LoginSteps.iAmOnTheLoginPage - clickLoginButton
10:27:17.658 [Forwarding findElement on session 8683bf964e2d9f6a5f9586a935a1f19e to remote] DEBUG org.asynchttpclient.netty.request.NettyRequestSender - Using pooled Channel '[id: 0xc1d3d0b3, L:/127.0.0.1:55084 - R:localhost/127.0.0.1:56308]' for 'POST' to 'http://localhost:56308/session/8683bf964e2d9f6a5f9586a935a1f19e/element'
10:27:17.658 [Forwarding findElement on session 8683bf964e2d9f6a5f9586a935a1f19e to remote] DEBUG org.asynchttpclient.netty.request.NettyRequestSender - Using open Channel [id: 0xc1d3d0b3, L:/127.0.0.1:55084 - R:localhost/127.0.0.1:56308] for POST '/session/8683bf964e2d9f6a5f9586a935a1f19e/element'
10:27:17.748 [AsyncHttpClient-1-2] DEBUG org.asynchttpclient.netty.handler.HttpHandler - 

Request DefaultHttpRequest(decodeResult: success, version: HTTP/1.1)
POST /session/8683bf964e2d9f6a5f9586a935a1f19e/element HTTP/1.1
User-Agent: selenium/4.1.2 (java windows)
Content-Length: 65
Content-Type: application/json; charset=utf-8
host: localhost:56308
accept: */*

Response DefaultHttpResponse(decodeResult: success, version: HTTP/1.1)
HTTP/1.1 200 OK
Content-Type: application/json; charset=utf-8
cache-control: no-cache
content-length: 88

10:27:17.748 [AsyncHttpClient-1-2] DEBUG org.asynchttpclient.netty.channel.ChannelManager - Adding key: http://localhost:56308 for channel [id: 0xc1d3d0b3, L:/127.0.0.1:55084 - R:localhost/127.0.0.1:56308]
10:27:17.753 [Forwarding getElementTagName on session 8683bf964e2d9f6a5f9586a935a1f19e to remote] DEBUG org.asynchttpclient.netty.request.NettyRequestSender - Using pooled Channel '[id: 0xc1d3d0b3, L:/127.0.0.1:55084 - R:localhost/127.0.0.1:56308]' for 'GET' to 'http://localhost:56308/session/8683bf964e2d9f6a5f9586a935a1f19e/element/2136fa52-38da-45c6-b987-6ea6ebbafe08/name'
10:27:17.754 [Forwarding getElementTagName on session 8683bf964e2d9f6a5f9586a935a1f19e to remote] DEBUG org.asynchttpclient.netty.request.NettyRequestSender - Using open Channel [id: 0xc1d3d0b3, L:/127.0.0.1:55084 - R:localhost/127.0.0.1:56308] for GET '/session/8683bf964e2d9f6a5f9586a935a1f19e/element/2136fa52-38da-45c6-b987-6ea6ebbafe08/name'
10:27:17.762 [AsyncHttpClient-1-2] DEBUG org.asynchttpclient.netty.handler.HttpHandler - 

Request DefaultFullHttpRequest(decodeResult: success, version: HTTP/1.1, content: EmptyByteBufBE)
GET /session/8683bf964e2d9f6a5f9586a935a1f19e/element/2136fa52-38da-45c6-b987-6ea6ebbafe08/name HTTP/1.1
User-Agent: selenium/4.1.2 (java windows)
Cache-Control: no-cache
Content-Type: application/json; charset=utf-8
host: localhost:56308
accept: */*

Response DefaultHttpResponse(decodeResult: success, version: HTTP/1.1)
HTTP/1.1 200 OK
Content-Type: application/json; charset=utf-8
cache-control: no-cache
content-length: 18

10:27:17.762 [AsyncHttpClient-1-2] DEBUG org.asynchttpclient.netty.channel.ChannelManager - Adding key: http://localhost:56308 for channel [id: 0xc1d3d0b3, L:/127.0.0.1:55084 - R:localhost/127.0.0.1:56308]
10:27:17.766 [Forwarding getElementTagName on session 8683bf964e2d9f6a5f9586a935a1f19e to remote] DEBUG org.asynchttpclient.netty.request.NettyRequestSender - Using pooled Channel '[id: 0xc1d3d0b3, L:/127.0.0.1:55084 - R:localhost/127.0.0.1:56308]' for 'GET' to 'http://localhost:56308/session/8683bf964e2d9f6a5f9586a935a1f19e/element/2136fa52-38da-45c6-b987-6ea6ebbafe08/name'
10:27:17.766 [Forwarding getElementTagName on session 8683bf964e2d9f6a5f9586a935a1f19e to remote] DEBUG org.asynchttpclient.netty.request.NettyRequestSender - Using open Channel [id: 0xc1d3d0b3, L:/127.0.0.1:55084 - R:localhost/127.0.0.1:56308] for GET '/session/8683bf964e2d9f6a5f9586a935a1f19e/element/2136fa52-38da-45c6-b987-6ea6ebbafe08/name'
10:27:17.771 [AsyncHttpClient-1-2] DEBUG org.asynchttpclient.netty.handler.HttpHandler - 

Request DefaultFullHttpRequest(decodeResult: success, version: HTTP/1.1, content: EmptyByteBufBE)
GET /session/8683bf964e2d9f6a5f9586a935a1f19e/element/2136fa52-38da-45c6-b987-6ea6ebbafe08/name HTTP/1.1
User-Agent: selenium/4.1.2 (java windows)
Cache-Control: no-cache
Content-Type: application/json; charset=utf-8
host: localhost:56308
accept: */*

Response DefaultHttpResponse(decodeResult: success, version: HTTP/1.1)
HTTP/1.1 200 OK
Content-Type: application/json; charset=utf-8
cache-control: no-cache
content-length: 18

10:27:17.771 [AsyncHttpClient-1-2] DEBUG org.asynchttpclient.netty.channel.ChannelManager - Adding key: http://localhost:56308 for channel [id: 0xc1d3d0b3, L:/127.0.0.1:55084 - R:localhost/127.0.0.1:56308]
10:27:17.780 [Forwarding isElementEnabled on session 8683bf964e2d9f6a5f9586a935a1f19e to remote] DEBUG org.asynchttpclient.netty.request.NettyRequestSender - Using pooled Channel '[id: 0xc1d3d0b3, L:/127.0.0.1:55084 - R:localhost/127.0.0.1:56308]' for 'GET' to 'http://localhost:56308/session/8683bf964e2d9f6a5f9586a935a1f19e/element/2136fa52-38da-45c6-b987-6ea6ebbafe08/enabled'
10:27:17.780 [Forwarding isElementEnabled on session 8683bf964e2d9f6a5f9586a935a1f19e to remote] DEBUG org.asynchttpclient.netty.request.NettyRequestSender - Using open Channel [id: 0xc1d3d0b3, L:/127.0.0.1:55084 - R:localhost/127.0.0.1:56308] for GET '/session/8683bf964e2d9f6a5f9586a935a1f19e/element/2136fa52-38da-45c6-b987-6ea6ebbafe08/enabled'
10:27:17.794 [AsyncHttpClient-1-2] DEBUG org.asynchttpclient.netty.handler.HttpHandler - 

Request DefaultFullHttpRequest(decodeResult: success, version: HTTP/1.1, content: EmptyByteBufBE)
GET /session/8683bf964e2d9f6a5f9586a935a1f19e/element/2136fa52-38da-45c6-b987-6ea6ebbafe08/enabled HTTP/1.1
User-Agent: selenium/4.1.2 (java windows)
Cache-Control: no-cache
Content-Type: application/json; charset=utf-8
host: localhost:56308
accept: */*

Response DefaultHttpResponse(decodeResult: success, version: HTTP/1.1)
HTTP/1.1 200 OK
Content-Type: application/json; charset=utf-8
cache-control: no-cache
content-length: 14

10:27:17.794 [AsyncHttpClient-1-2] DEBUG org.asynchttpclient.netty.channel.ChannelManager - Adding key: http://localhost:56308 for channel [id: 0xc1d3d0b3, L:/127.0.0.1:55084 - R:localhost/127.0.0.1:56308]
10:27:17.798 [Forwarding isElementEnabled on session 8683bf964e2d9f6a5f9586a935a1f19e to remote] DEBUG org.asynchttpclient.netty.request.NettyRequestSender - Using pooled Channel '[id: 0xc1d3d0b3, L:/127.0.0.1:55084 - R:localhost/127.0.0.1:56308]' for 'GET' to 'http://localhost:56308/session/8683bf964e2d9f6a5f9586a935a1f19e/element/2136fa52-38da-45c6-b987-6ea6ebbafe08/enabled'
10:27:17.798 [Forwarding isElementEnabled on session 8683bf964e2d9f6a5f9586a935a1f19e to remote] DEBUG org.asynchttpclient.netty.request.NettyRequestSender - Using open Channel [id: 0xc1d3d0b3, L:/127.0.0.1:55084 - R:localhost/127.0.0.1:56308] for GET '/session/8683bf964e2d9f6a5f9586a935a1f19e/element/2136fa52-38da-45c6-b987-6ea6ebbafe08/enabled'
10:27:17.808 [AsyncHttpClient-1-2] DEBUG org.asynchttpclient.netty.handler.HttpHandler - 

Request DefaultFullHttpRequest(decodeResult: success, version: HTTP/1.1, content: EmptyByteBufBE)
GET /session/8683bf964e2d9f6a5f9586a935a1f19e/element/2136fa52-38da-45c6-b987-6ea6ebbafe08/enabled HTTP/1.1
User-Agent: selenium/4.1.2 (java windows)
Cache-Control: no-cache
Content-Type: application/json; charset=utf-8
host: localhost:56308
accept: */*

Response DefaultHttpResponse(decodeResult: success, version: HTTP/1.1)
HTTP/1.1 200 OK
Content-Type: application/json; charset=utf-8
cache-control: no-cache
content-length: 14

10:27:17.809 [AsyncHttpClient-1-2] DEBUG org.asynchttpclient.netty.channel.ChannelManager - Adding key: http://localhost:56308 for channel [id: 0xc1d3d0b3, L:/127.0.0.1:55084 - R:localhost/127.0.0.1:56308]
10:27:17.814 [Forwarding findElement on session 8683bf964e2d9f6a5f9586a935a1f19e to remote] DEBUG org.asynchttpclient.netty.request.NettyRequestSender - Using pooled Channel '[id: 0xc1d3d0b3, L:/127.0.0.1:55084 - R:localhost/127.0.0.1:56308]' for 'POST' to 'http://localhost:56308/session/8683bf964e2d9f6a5f9586a935a1f19e/element'
10:27:17.814 [Forwarding findElement on session 8683bf964e2d9f6a5f9586a935a1f19e to remote] DEBUG org.asynchttpclient.netty.request.NettyRequestSender - Using open Channel [id: 0xc1d3d0b3, L:/127.0.0.1:55084 - R:localhost/127.0.0.1:56308] for POST '/session/8683bf964e2d9f6a5f9586a935a1f19e/element'
10:27:17.831 [AsyncHttpClient-1-2] DEBUG org.asynchttpclient.netty.handler.HttpHandler - 

Request DefaultHttpRequest(decodeResult: success, version: HTTP/1.1)
POST /session/8683bf964e2d9f6a5f9586a935a1f19e/element HTTP/1.1
User-Agent: selenium/4.1.2 (java windows)
Content-Length: 65
Content-Type: application/json; charset=utf-8
host: localhost:56308
accept: */*

Response DefaultHttpResponse(decodeResult: success, version: HTTP/1.1)
HTTP/1.1 200 OK
Content-Type: application/json; charset=utf-8
cache-control: no-cache
content-length: 88

10:27:17.832 [AsyncHttpClient-1-2] DEBUG org.asynchttpclient.netty.channel.ChannelManager - Adding key: http://localhost:56308 for channel [id: 0xc1d3d0b3, L:/127.0.0.1:55084 - R:localhost/127.0.0.1:56308]
10:27:17.834 [Forwarding clickElement on session 8683bf964e2d9f6a5f9586a935a1f19e to remote] DEBUG org.asynchttpclient.netty.request.NettyRequestSender - Using pooled Channel '[id: 0xc1d3d0b3, L:/127.0.0.1:55084 - R:localhost/127.0.0.1:56308]' for 'POST' to 'http://localhost:56308/session/8683bf964e2d9f6a5f9586a935a1f19e/element/2136fa52-38da-45c6-b987-6ea6ebbafe08/click'
10:27:17.834 [Forwarding clickElement on session 8683bf964e2d9f6a5f9586a935a1f19e to remote] DEBUG org.asynchttpclient.netty.request.NettyRequestSender - Using open Channel [id: 0xc1d3d0b3, L:/127.0.0.1:55084 - R:localhost/127.0.0.1:56308] for POST '/session/8683bf964e2d9f6a5f9586a935a1f19e/element/2136fa52-38da-45c6-b987-6ea6ebbafe08/click'
10:27:17.969 [AsyncHttpClient-1-2] DEBUG org.asynchttpclient.netty.handler.HttpHandler - 

Request DefaultHttpRequest(decodeResult: success, version: HTTP/1.1)
POST /session/8683bf964e2d9f6a5f9586a935a1f19e/element/2136fa52-38da-45c6-b987-6ea6ebbafe08/click HTTP/1.1
User-Agent: selenium/4.1.2 (java windows)
Content-Length: 50
Content-Type: application/json; charset=utf-8
host: localhost:56308
accept: */*

Response DefaultHttpResponse(decodeResult: success, version: HTTP/1.1)
HTTP/1.1 200 OK
Content-Type: application/json; charset=utf-8
cache-control: no-cache
content-length: 14

10:27:17.969 [AsyncHttpClient-1-2] DEBUG org.asynchttpclient.netty.channel.ChannelManager - Adding key: http://localhost:56308 for channel [id: 0xc1d3d0b3, L:/127.0.0.1:55084 - R:localhost/127.0.0.1:56308]
10:27:17.977 [Forwarding screenshot on session 8683bf964e2d9f6a5f9586a935a1f19e to remote] DEBUG org.asynchttpclient.netty.request.NettyRequestSender - Using pooled Channel '[id: 0xc1d3d0b3, L:/127.0.0.1:55084 - R:localhost/127.0.0.1:56308]' for 'GET' to 'http://localhost:56308/session/8683bf964e2d9f6a5f9586a935a1f19e/screenshot'
10:27:17.978 [Forwarding screenshot on session 8683bf964e2d9f6a5f9586a935a1f19e to remote] DEBUG org.asynchttpclient.netty.request.NettyRequestSender - Using open Channel [id: 0xc1d3d0b3, L:/127.0.0.1:55084 - R:localhost/127.0.0.1:56308] for GET '/session/8683bf964e2d9f6a5f9586a935a1f19e/screenshot'
10:27:18.240 [AsyncHttpClient-1-1] DEBUG org.asynchttpclient.netty.channel.DefaultChannelPool - Entry count for : http://localhost:55085 : 1
10:27:18.269 [AsyncHttpClient-1-2] DEBUG org.asynchttpclient.netty.handler.HttpHandler - 

Request DefaultFullHttpRequest(decodeResult: success, version: HTTP/1.1, content: EmptyByteBufBE)
GET /session/8683bf964e2d9f6a5f9586a935a1f19e/screenshot HTTP/1.1
User-Agent: selenium/4.1.2 (java windows)
Cache-Control: no-cache
Content-Type: application/json; charset=utf-8
host: localhost:56308
accept: */*

Response DefaultHttpResponse(decodeResult: success, version: HTTP/1.1)
HTTP/1.1 200 OK
Content-Type: application/json; charset=utf-8
cache-control: no-cache
content-length: 334848

10:27:18.272 [AsyncHttpClient-1-2] DEBUG org.asynchttpclient.netty.channel.ChannelManager - Adding key: http://localhost:56308 for channel [id: 0xc1d3d0b3, L:/127.0.0.1:55084 - R:localhost/127.0.0.1:56308]
10:27:18.286 [main] DEBUG net.serenitybdd.core.photography.Darkroom - Send negative for processing for target\site\serenity\a7ec8465648578e596cf3eb4baba9a338877a96a044c293eb3c9d49b17aaf576.png
10:27:18.287 [main] DEBUG net.thucydides.core.steps.StepInterceptor - STEP DONE: clickLoginButton
10:27:18.287 [Darkroom Processing Line] DEBUG net.serenitybdd.core.photography.DarkroomProcessingLine - Processing screenshot image in /var/screenshots/screenshot-2789451121058980889
10:27:18.287 [Darkroom Processing Line] DEBUG net.serenitybdd.core.photography.DarkroomProcessingLine - Saving screenshot to target\site\serenity\a7ec8465648578e596cf3eb4baba9a338877a96a044c293eb3c9d49b17aaf576.png
10:27:18.298 [main] DEBUG net.thucydides.core.steps.StepInterceptor - STARTING STEP: LoginSteps.iAmOnTheLoginPage - validateOnLoginPage
10:27:18.302 [Forwarding findElement on session 8683bf964e2d9f6a5f9586a935a1f19e to remote] DEBUG org.asynchttpclient.netty.request.NettyRequestSender - Using pooled Channel '[id: 0xc1d3d0b3, L:/127.0.0.1:55084 - R:localhost/127.0.0.1:56308]' for 'POST' to 'http://localhost:56308/session/8683bf964e2d9f6a5f9586a935a1f19e/element'
10:27:18.302 [Forwarding findElement on session 8683bf964e2d9f6a5f9586a935a1f19e to remote] DEBUG org.asynchttpclient.netty.request.NettyRequestSender - Using open Channel [id: 0xc1d3d0b3, L:/127.0.0.1:55084 - R:localhost/127.0.0.1:56308] for POST '/session/8683bf964e2d9f6a5f9586a935a1f19e/element'
10:27:18.315 [AsyncHttpClient-1-2] DEBUG org.asynchttpclient.netty.handler.HttpHandler - 

Request DefaultHttpRequest(decodeResult: success, version: HTTP/1.1)
POST /session/8683bf964e2d9f6a5f9586a935a1f19e/element HTTP/1.1
User-Agent: selenium/4.1.2 (java windows)
Content-Length: 65
Content-Type: application/json; charset=utf-8
host: localhost:56308
accept: */*

Response DefaultHttpResponse(decodeResult: success, version: HTTP/1.1)
HTTP/1.1 200 OK
Content-Type: application/json; charset=utf-8
cache-control: no-cache
content-length: 88

10:27:18.315 [AsyncHttpClient-1-2] DEBUG org.asynchttpclient.netty.channel.ChannelManager - Adding key: http://localhost:56308 for channel [id: 0xc1d3d0b3, L:/127.0.0.1:55084 - R:localhost/127.0.0.1:56308]
10:27:18.328 [Forwarding isElementDisplayed on session 8683bf964e2d9f6a5f9586a935a1f19e to remote] DEBUG org.asynchttpclient.netty.request.NettyRequestSender - Using pooled Channel '[id: 0xc1d3d0b3, L:/127.0.0.1:55084 - R:localhost/127.0.0.1:56308]' for 'POST' to 'http://localhost:56308/session/8683bf964e2d9f6a5f9586a935a1f19e/execute/sync'
10:27:18.329 [Forwarding isElementDisplayed on session 8683bf964e2d9f6a5f9586a935a1f19e to remote] DEBUG org.asynchttpclient.netty.request.NettyRequestSender - Using open Channel [id: 0xc1d3d0b3, L:/127.0.0.1:55084 - R:localhost/127.0.0.1:56308] for POST '/session/8683bf964e2d9f6a5f9586a935a1f19e/execute/sync'
10:27:18.361 [AsyncHttpClient-1-2] DEBUG org.asynchttpclient.netty.handler.HttpHandler - 

Request DefaultHttpRequest(decodeResult: success, version: HTTP/1.1)
POST /session/8683bf964e2d9f6a5f9586a935a1f19e/execute/sync HTTP/1.1
User-Agent: selenium/4.1.2 (java windows)
Content-Length: 48780
Content-Type: application/json; charset=utf-8
host: localhost:56308
accept: */*

Response DefaultHttpResponse(decodeResult: success, version: HTTP/1.1)
HTTP/1.1 200 OK
Content-Type: application/json; charset=utf-8
cache-control: no-cache
content-length: 14

10:27:18.361 [AsyncHttpClient-1-2] DEBUG org.asynchttpclient.netty.channel.ChannelManager - Adding key: http://localhost:56308 for channel [id: 0xc1d3d0b3, L:/127.0.0.1:55084 - R:localhost/127.0.0.1:56308]
10:27:18.372 [Forwarding screenshot on session 8683bf964e2d9f6a5f9586a935a1f19e to remote] DEBUG org.asynchttpclient.netty.request.NettyRequestSender - Using pooled Channel '[id: 0xc1d3d0b3, L:/127.0.0.1:55084 - R:localhost/127.0.0.1:56308]' for 'GET' to 'http://localhost:56308/session/8683bf964e2d9f6a5f9586a935a1f19e/screenshot'
10:27:18.373 [Forwarding screenshot on session 8683bf964e2d9f6a5f9586a935a1f19e to remote] DEBUG org.asynchttpclient.netty.request.NettyRequestSender - Using open Channel [id: 0xc1d3d0b3, L:/127.0.0.1:55084 - R:localhost/127.0.0.1:56308] for GET '/session/8683bf964e2d9f6a5f9586a935a1f19e/screenshot'
10:27:18.725 [AsyncHttpClient-1-2] DEBUG org.asynchttpclient.netty.handler.HttpHandler - 

Request DefaultFullHttpRequest(decodeResult: success, version: HTTP/1.1, content: EmptyByteBufBE)
GET /session/8683bf964e2d9f6a5f9586a935a1f19e/screenshot HTTP/1.1
User-Agent: selenium/4.1.2 (java windows)
Cache-Control: no-cache
Content-Type: application/json; charset=utf-8
host: localhost:56308
accept: */*

Response DefaultHttpResponse(decodeResult: success, version: HTTP/1.1)
HTTP/1.1 200 OK
Content-Type: application/json; charset=utf-8
cache-control: no-cache
content-length: 334848

10:27:18.728 [AsyncHttpClient-1-2] DEBUG org.asynchttpclient.netty.channel.ChannelManager - Adding key: http://localhost:56308 for channel [id: 0xc1d3d0b3, L:/127.0.0.1:55084 - R:localhost/127.0.0.1:56308]
10:27:18.757 [main] DEBUG net.serenitybdd.core.photography.Darkroom - Send negative for processing for target\site\serenity\a7ec8465648578e596cf3eb4baba9a338877a96a044c293eb3c9d49b17aaf576.png
10:27:18.757 [main] DEBUG net.thucydides.core.steps.StepInterceptor - STEP DONE: validateOnLoginPage
  &amp#27;[32mGiven &amp#27;[0m&amp#27;[32mI am on the login page&amp#27;[0m                            &amp#27;[90m# starter.stepdefinitions.LoginSteps.iAmOnTheLoginPage()&amp#27;[0m
10:27:18.782 [main] DEBUG net.thucydides.core.steps.StepInterceptor - STARTING STEP: LoginSteps.iInputValidUsername - inputUsername
10:27:18.787 [Forwarding findElement on session 8683bf964e2d9f6a5f9586a935a1f19e to remote] DEBUG org.asynchttpclient.netty.request.NettyRequestSender - Using pooled Channel '[id: 0xc1d3d0b3, L:/127.0.0.1:55084 - R:localhost/127.0.0.1:56308]' for 'POST' to 'http://localhost:56308/session/8683bf964e2d9f6a5f9586a935a1f19e/element'
10:27:18.787 [Forwarding findElement on session 8683bf964e2d9f6a5f9586a935a1f19e to remote] DEBUG org.asynchttpclient.netty.request.NettyRequestSender - Using open Channel [id: 0xc1d3d0b3, L:/127.0.0.1:55084 - R:localhost/127.0.0.1:56308] for POST '/session/8683bf964e2d9f6a5f9586a935a1f19e/element'
10:27:18.797 [AsyncHttpClient-1-2] DEBUG org.asynchttpclient.netty.handler.HttpHandler - 

Request DefaultHttpRequest(decodeResult: success, version: HTTP/1.1)
POST /session/8683bf964e2d9f6a5f9586a935a1f19e/element HTTP/1.1
User-Agent: selenium/4.1.2 (java windows)
Content-Length: 53
Content-Type: application/json; charset=utf-8
host: localhost:56308
accept: */*

Response DefaultHttpResponse(decodeResult: success, version: HTTP/1.1)
HTTP/1.1 200 OK
Content-Type: application/json; charset=utf-8
cache-control: no-cache
content-length: 88

10:27:18.797 [AsyncHttpClient-1-2] DEBUG org.asynchttpclient.netty.channel.ChannelManager - Adding key: http://localhost:56308 for channel [id: 0xc1d3d0b3, L:/127.0.0.1:55084 - R:localhost/127.0.0.1:56308]
10:27:18.798 [Forwarding clearElement on session 8683bf964e2d9f6a5f9586a935a1f19e to remote] DEBUG org.asynchttpclient.netty.request.NettyRequestSender - Using pooled Channel '[id: 0xc1d3d0b3, L:/127.0.0.1:55084 - R:localhost/127.0.0.1:56308]' for 'POST' to 'http://localhost:56308/session/8683bf964e2d9f6a5f9586a935a1f19e/element/4b4c960c-01af-4809-b3e5-c441ee9b19d9/clear'
10:27:18.798 [Forwarding clearElement on session 8683bf964e2d9f6a5f9586a935a1f19e to remote] DEBUG org.asynchttpclient.netty.request.NettyRequestSender - Using open Channel [id: 0xc1d3d0b3, L:/127.0.0.1:55084 - R:localhost/127.0.0.1:56308] for POST '/session/8683bf964e2d9f6a5f9586a935a1f19e/element/4b4c960c-01af-4809-b3e5-c441ee9b19d9/clear'
10:27:18.829 [AsyncHttpClient-1-2] DEBUG org.asynchttpclient.netty.handler.HttpHandler - 

Request DefaultHttpRequest(decodeResult: success, version: HTTP/1.1)
POST /session/8683bf964e2d9f6a5f9586a935a1f19e/element/4b4c960c-01af-4809-b3e5-c441ee9b19d9/clear HTTP/1.1
User-Agent: selenium/4.1.2 (java windows)
Content-Length: 50
Content-Type: application/json; charset=utf-8
host: localhost:56308
accept: */*

Response DefaultHttpResponse(decodeResult: success, version: HTTP/1.1)
HTTP/1.1 200 OK
Content-Type: application/json; charset=utf-8
cache-control: no-cache
content-length: 14

10:27:18.829 [AsyncHttpClient-1-2] DEBUG org.asynchttpclient.netty.channel.ChannelManager - Adding key: http://localhost:56308 for channel [id: 0xc1d3d0b3, L:/127.0.0.1:55084 - R:localhost/127.0.0.1:56308]
10:27:18.833 [Forwarding sendKeysToElement on session 8683bf964e2d9f6a5f9586a935a1f19e to remote] DEBUG org.asynchttpclient.netty.request.NettyRequestSender - Using pooled Channel '[id: 0xc1d3d0b3, L:/127.0.0.1:55084 - R:localhost/127.0.0.1:56308]' for 'POST' to 'http://localhost:56308/session/8683bf964e2d9f6a5f9586a935a1f19e/element/4b4c960c-01af-4809-b3e5-c441ee9b19d9/value'
10:27:18.833 [Forwarding sendKeysToElement on session 8683bf964e2d9f6a5f9586a935a1f19e to remote] DEBUG org.asynchttpclient.netty.request.NettyRequestSender - Using open Channel [id: 0xc1d3d0b3, L:/127.0.0.1:55084 - R:localhost/127.0.0.1:56308] for POST '/session/8683bf964e2d9f6a5f9586a935a1f19e/element/4b4c960c-01af-4809-b3e5-c441ee9b19d9/value'
10:27:18.948 [AsyncHttpClient-1-2] DEBUG org.asynchttpclient.netty.handler.HttpHandler - 

Request DefaultHttpRequest(decodeResult: success, version: HTTP/1.1)
POST /session/8683bf964e2d9f6a5f9586a935a1f19e/element/4b4c960c-01af-4809-b3e5-c441ee9b19d9/value HTTP/1.1
User-Agent: selenium/4.1.2 (java windows)
Content-Length: 181
Content-Type: application/json; charset=utf-8
host: localhost:56308
accept: */*

Response DefaultHttpResponse(decodeResult: success, version: HTTP/1.1)
HTTP/1.1 200 OK
Content-Type: application/json; charset=utf-8
cache-control: no-cache
content-length: 14

10:27:18.949 [AsyncHttpClient-1-2] DEBUG org.asynchttpclient.netty.channel.ChannelManager - Adding key: http://localhost:56308 for channel [id: 0xc1d3d0b3, L:/127.0.0.1:55084 - R:localhost/127.0.0.1:56308]
10:27:18.959 [Forwarding screenshot on session 8683bf964e2d9f6a5f9586a935a1f19e to remote] DEBUG org.asynchttpclient.netty.request.NettyRequestSender - Using pooled Channel '[id: 0xc1d3d0b3, L:/127.0.0.1:55084 - R:localhost/127.0.0.1:56308]' for 'GET' to 'http://localhost:56308/session/8683bf964e2d9f6a5f9586a935a1f19e/screenshot'
10:27:18.959 [Forwarding screenshot on session 8683bf964e2d9f6a5f9586a935a1f19e to remote] DEBUG org.asynchttpclient.netty.request.NettyRequestSender - Using open Channel [id: 0xc1d3d0b3, L:/127.0.0.1:55084 - R:localhost/127.0.0.1:56308] for GET '/session/8683bf964e2d9f6a5f9586a935a1f19e/screenshot'
10:27:19.175 [AsyncHttpClient-1-2] DEBUG org.asynchttpclient.netty.handler.HttpHandler - 

Request DefaultFullHttpRequest(decodeResult: success, version: HTTP/1.1, content: EmptyByteBufBE)
GET /session/8683bf964e2d9f6a5f9586a935a1f19e/screenshot HTTP/1.1
User-Agent: selenium/4.1.2 (java windows)
Cache-Control: no-cache
Content-Type: application/json; charset=utf-8
host: localhost:56308
accept: */*

Response DefaultHttpResponse(decodeResult: success, version: HTTP/1.1)
HTTP/1.1 200 OK
Content-Type: application/json; charset=utf-8
cache-control: no-cache
content-length: 363924

10:27:19.177 [AsyncHttpClient-1-2] DEBUG org.asynchttpclient.netty.channel.ChannelManager - Adding key: http://localhost:56308 for channel [id: 0xc1d3d0b3, L:/127.0.0.1:55084 - R:localhost/127.0.0.1:56308]
10:27:19.188 [main] DEBUG net.serenitybdd.core.photography.Darkroom - Send negative for processing for target\site\serenity\8a32cf6017ff054dca523f0866c470d2aa8c2b4d438bda7086959aa187f4a132.png
10:27:19.188 [main] DEBUG net.thucydides.core.steps.StepInterceptor - STEP DONE: inputUsername
10:27:19.188 [Darkroom Processing Line] DEBUG net.serenitybdd.core.photography.DarkroomProcessingLine - Processing screenshot image in /var/screenshots/screenshot-10342721815838610470
10:27:19.188 [Darkroom Processing Line] DEBUG net.serenitybdd.core.photography.DarkroomProcessingLine - Saving screenshot to target\site\serenity\8a32cf6017ff054dca523f0866c470d2aa8c2b4d438bda7086959aa187f4a132.png
  &amp#27;[32mWhen &amp#27;[0m&amp#27;[32mI input valid username&amp#27;[0m                             &amp#27;[90m# starter.stepdefinitions.LoginSteps.iInputValidUsername()&amp#27;[0m
10:27:19.204 [main] DEBUG net.thucydides.core.steps.StepInterceptor - STARTING STEP: LoginSteps.iInputValidPassword - inputPassword
10:27:19.208 [Forwarding findElement on session 8683bf964e2d9f6a5f9586a935a1f19e to remote] DEBUG org.asynchttpclient.netty.request.NettyRequestSender - Using pooled Channel '[id: 0xc1d3d0b3, L:/127.0.0.1:55084 - R:localhost/127.0.0.1:56308]' for 'POST' to 'http://localhost:56308/session/8683bf964e2d9f6a5f9586a935a1f19e/element'
10:27:19.208 [Forwarding findElement on session 8683bf964e2d9f6a5f9586a935a1f19e to remote] DEBUG org.asynchttpclient.netty.request.NettyRequestSender - Using open Channel [id: 0xc1d3d0b3, L:/127.0.0.1:55084 - R:localhost/127.0.0.1:56308] for POST '/session/8683bf964e2d9f6a5f9586a935a1f19e/element'
10:27:19.219 [AsyncHttpClient-1-2] DEBUG org.asynchttpclient.netty.handler.HttpHandler - 

Request DefaultHttpRequest(decodeResult: success, version: HTTP/1.1)
POST /session/8683bf964e2d9f6a5f9586a935a1f19e/element HTTP/1.1
User-Agent: selenium/4.1.2 (java windows)
Content-Length: 53
Content-Type: application/json; charset=utf-8
host: localhost:56308
accept: */*

Response DefaultHttpResponse(decodeResult: success, version: HTTP/1.1)
HTTP/1.1 200 OK
Content-Type: application/json; charset=utf-8
cache-control: no-cache
content-length: 88

10:27:19.219 [AsyncHttpClient-1-2] DEBUG org.asynchttpclient.netty.channel.ChannelManager - Adding key: http://localhost:56308 for channel [id: 0xc1d3d0b3, L:/127.0.0.1:55084 - R:localhost/127.0.0.1:56308]
10:27:19.221 [Forwarding clearElement on session 8683bf964e2d9f6a5f9586a935a1f19e to remote] DEBUG org.asynchttpclient.netty.request.NettyRequestSender - Using pooled Channel '[id: 0xc1d3d0b3, L:/127.0.0.1:55084 - R:localhost/127.0.0.1:56308]' for 'POST' to 'http://localhost:56308/session/8683bf964e2d9f6a5f9586a935a1f19e/element/94bf1c33-0db4-4762-85ae-589362b3992c/clear'
10:27:19.221 [Forwarding clearElement on session 8683bf964e2d9f6a5f9586a935a1f19e to remote] DEBUG org.asynchttpclient.netty.request.NettyRequestSender - Using open Channel [id: 0xc1d3d0b3, L:/127.0.0.1:55084 - R:localhost/127.0.0.1:56308] for POST '/session/8683bf964e2d9f6a5f9586a935a1f19e/element/94bf1c33-0db4-4762-85ae-589362b3992c/clear'
10:27:19.252 [AsyncHttpClient-1-2] DEBUG org.asynchttpclient.netty.handler.HttpHandler - 

Request DefaultHttpRequest(decodeResult: success, version: HTTP/1.1)
POST /session/8683bf964e2d9f6a5f9586a935a1f19e/element/94bf1c33-0db4-4762-85ae-589362b3992c/clear HTTP/1.1
User-Agent: selenium/4.1.2 (java windows)
Content-Length: 50
Content-Type: application/json; charset=utf-8
host: localhost:56308
accept: */*

Response DefaultHttpResponse(decodeResult: success, version: HTTP/1.1)
HTTP/1.1 200 OK
Content-Type: application/json; charset=utf-8
cache-control: no-cache
content-length: 14

10:27:19.253 [AsyncHttpClient-1-2] DEBUG org.asynchttpclient.netty.channel.ChannelManager - Adding key: http://localhost:56308 for channel [id: 0xc1d3d0b3, L:/127.0.0.1:55084 - R:localhost/127.0.0.1:56308]
10:27:19.256 [Forwarding sendKeysToElement on session 8683bf964e2d9f6a5f9586a935a1f19e to remote] DEBUG org.asynchttpclient.netty.request.NettyRequestSender - Using pooled Channel '[id: 0xc1d3d0b3, L:/127.0.0.1:55084 - R:localhost/127.0.0.1:56308]' for 'POST' to 'http://localhost:56308/session/8683bf964e2d9f6a5f9586a935a1f19e/element/94bf1c33-0db4-4762-85ae-589362b3992c/value'
10:27:19.256 [Forwarding sendKeysToElement on session 8683bf964e2d9f6a5f9586a935a1f19e to remote] DEBUG org.asynchttpclient.netty.request.NettyRequestSender - Using open Channel [id: 0xc1d3d0b3, L:/127.0.0.1:55084 - R:localhost/127.0.0.1:56308] for POST '/session/8683bf964e2d9f6a5f9586a935a1f19e/element/94bf1c33-0db4-4762-85ae-589362b3992c/value'
10:27:19.320 [AsyncHttpClient-1-2] DEBUG org.asynchttpclient.netty.handler.HttpHandler - 

Request DefaultHttpRequest(decodeResult: success, version: HTTP/1.1)
POST /session/8683bf964e2d9f6a5f9586a935a1f19e/element/94bf1c33-0db4-4762-85ae-589362b3992c/value HTTP/1.1
User-Agent: selenium/4.1.2 (java windows)
Content-Length: 171
Content-Type: application/json; charset=utf-8
host: localhost:56308
accept: */*

Response DefaultHttpResponse(decodeResult: success, version: HTTP/1.1)
HTTP/1.1 200 OK
Content-Type: application/json; charset=utf-8
cache-control: no-cache
content-length: 14

10:27:19.321 [AsyncHttpClient-1-2] DEBUG org.asynchttpclient.netty.channel.ChannelManager - Adding key: http://localhost:56308 for channel [id: 0xc1d3d0b3, L:/127.0.0.1:55084 - R:localhost/127.0.0.1:56308]
10:27:19.330 [Forwarding screenshot on session 8683bf964e2d9f6a5f9586a935a1f19e to remote] DEBUG org.asynchttpclient.netty.request.NettyRequestSender - Using pooled Channel '[id: 0xc1d3d0b3, L:/127.0.0.1:55084 - R:localhost/127.0.0.1:56308]' for 'GET' to 'http://localhost:56308/session/8683bf964e2d9f6a5f9586a935a1f19e/screenshot'
10:27:19.330 [Forwarding screenshot on session 8683bf964e2d9f6a5f9586a935a1f19e to remote] DEBUG org.asynchttpclient.netty.request.NettyRequestSender - Using open Channel [id: 0xc1d3d0b3, L:/127.0.0.1:55084 - R:localhost/127.0.0.1:56308] for GET '/session/8683bf964e2d9f6a5f9586a935a1f19e/screenshot'
10:27:19.348 [AsyncHttpClient-1-1] DEBUG org.asynchttpclient.netty.channel.DefaultChannelPool - Entry count for : http://localhost:55085 : 1
10:27:19.534 [AsyncHttpClient-1-2] DEBUG org.asynchttpclient.netty.handler.HttpHandler - 

Request DefaultFullHttpRequest(decodeResult: success, version: HTTP/1.1, content: EmptyByteBufBE)
GET /session/8683bf964e2d9f6a5f9586a935a1f19e/screenshot HTTP/1.1
User-Agent: selenium/4.1.2 (java windows)
Cache-Control: no-cache
Content-Type: application/json; charset=utf-8
host: localhost:56308
accept: */*

Response DefaultHttpResponse(decodeResult: success, version: HTTP/1.1)
HTTP/1.1 200 OK
Content-Type: application/json; charset=utf-8
cache-control: no-cache
content-length: 361516

10:27:19.536 [AsyncHttpClient-1-2] DEBUG org.asynchttpclient.netty.channel.ChannelManager - Adding key: http://localhost:56308 for channel [id: 0xc1d3d0b3, L:/127.0.0.1:55084 - R:localhost/127.0.0.1:56308]
10:27:19.551 [main] DEBUG net.serenitybdd.core.photography.Darkroom - Send negative for processing for target\site\serenity\662399a1116b22fa080d42baa71543a4be630bd17e99b7f983c7994f38665945.png
10:27:19.552 [main] DEBUG net.thucydides.core.steps.StepInterceptor - STEP DONE: inputPassword
  &amp#27;[32mAnd &amp#27;[0m&amp#27;[32mI input valid password&amp#27;[0m                              &amp#27;[90m# starter.stepdefinitions.LoginSteps.iInputValidPassword()&amp#27;[0m
10:27:19.552 [Darkroom Processing Line] DEBUG net.serenitybdd.core.photography.DarkroomProcessingLine - Processing screenshot image in /var/screenshots/screenshot-6704814259308891189
10:27:19.552 [Darkroom Processing Line] DEBUG net.serenitybdd.core.photography.DarkroomProcessingLine - Saving screenshot to target\site\serenity\662399a1116b22fa080d42baa71543a4be630bd17e99b7f983c7994f38665945.png
10:27:19.567 [main] DEBUG net.thucydides.core.steps.StepInterceptor - STARTING STEP: LoginSteps.clickLoginButton - clickLoginButton
10:27:19.570 [Forwarding findElement on session 8683bf964e2d9f6a5f9586a935a1f19e to remote] DEBUG org.asynchttpclient.netty.request.NettyRequestSender - Using pooled Channel '[id: 0xc1d3d0b3, L:/127.0.0.1:55084 - R:localhost/127.0.0.1:56308]' for 'POST' to 'http://localhost:56308/session/8683bf964e2d9f6a5f9586a935a1f19e/element'
10:27:19.571 [Forwarding findElement on session 8683bf964e2d9f6a5f9586a935a1f19e to remote] DEBUG org.asynchttpclient.netty.request.NettyRequestSender - Using open Channel [id: 0xc1d3d0b3, L:/127.0.0.1:55084 - R:localhost/127.0.0.1:56308] for POST '/session/8683bf964e2d9f6a5f9586a935a1f19e/element'
10:27:19.578 [AsyncHttpClient-1-2] DEBUG org.asynchttpclient.netty.handler.HttpHandler - 

Request DefaultHttpRequest(decodeResult: success, version: HTTP/1.1)
POST /session/8683bf964e2d9f6a5f9586a935a1f19e/element HTTP/1.1
User-Agent: selenium/4.1.2 (java windows)
Content-Length: 65
Content-Type: application/json; charset=utf-8
host: localhost:56308
accept: */*

Response DefaultHttpResponse(decodeResult: success, version: HTTP/1.1)
HTTP/1.1 200 OK
Content-Type: application/json; charset=utf-8
cache-control: no-cache
content-length: 88

10:27:19.578 [AsyncHttpClient-1-2] DEBUG org.asynchttpclient.netty.channel.ChannelManager - Adding key: http://localhost:56308 for channel [id: 0xc1d3d0b3, L:/127.0.0.1:55084 - R:localhost/127.0.0.1:56308]
10:27:19.581 [Forwarding getElementTagName on session 8683bf964e2d9f6a5f9586a935a1f19e to remote] DEBUG org.asynchttpclient.netty.request.NettyRequestSender - Using pooled Channel '[id: 0xc1d3d0b3, L:/127.0.0.1:55084 - R:localhost/127.0.0.1:56308]' for 'GET' to 'http://localhost:56308/session/8683bf964e2d9f6a5f9586a935a1f19e/element/a72716d2-17a9-4923-ab08-c9cdb3a0f426/name'
10:27:19.581 [Forwarding getElementTagName on session 8683bf964e2d9f6a5f9586a935a1f19e to remote] DEBUG org.asynchttpclient.netty.request.NettyRequestSender - Using open Channel [id: 0xc1d3d0b3, L:/127.0.0.1:55084 - R:localhost/127.0.0.1:56308] for GET '/session/8683bf964e2d9f6a5f9586a935a1f19e/element/a72716d2-17a9-4923-ab08-c9cdb3a0f426/name'
10:27:19.584 [AsyncHttpClient-1-2] DEBUG org.asynchttpclient.netty.handler.HttpHandler - 

Request DefaultFullHttpRequest(decodeResult: success, version: HTTP/1.1, content: EmptyByteBufBE)
GET /session/8683bf964e2d9f6a5f9586a935a1f19e/element/a72716d2-17a9-4923-ab08-c9cdb3a0f426/name HTTP/1.1
User-Agent: selenium/4.1.2 (java windows)
Cache-Control: no-cache
Content-Type: application/json; charset=utf-8
host: localhost:56308
accept: */*

Response DefaultHttpResponse(decodeResult: success, version: HTTP/1.1)
HTTP/1.1 200 OK
Content-Type: application/json; charset=utf-8
cache-control: no-cache
content-length: 18

10:27:19.585 [AsyncHttpClient-1-2] DEBUG org.asynchttpclient.netty.channel.ChannelManager - Adding key: http://localhost:56308 for channel [id: 0xc1d3d0b3, L:/127.0.0.1:55084 - R:localhost/127.0.0.1:56308]
10:27:19.587 [Forwarding getElementTagName on session 8683bf964e2d9f6a5f9586a935a1f19e to remote] DEBUG org.asynchttpclient.netty.request.NettyRequestSender - Using pooled Channel '[id: 0xc1d3d0b3, L:/127.0.0.1:55084 - R:localhost/127.0.0.1:56308]' for 'GET' to 'http://localhost:56308/session/8683bf964e2d9f6a5f9586a935a1f19e/element/a72716d2-17a9-4923-ab08-c9cdb3a0f426/name'
10:27:19.587 [Forwarding getElementTagName on session 8683bf964e2d9f6a5f9586a935a1f19e to remote] DEBUG org.asynchttpclient.netty.request.NettyRequestSender - Using open Channel [id: 0xc1d3d0b3, L:/127.0.0.1:55084 - R:localhost/127.0.0.1:56308] for GET '/session/8683bf964e2d9f6a5f9586a935a1f19e/element/a72716d2-17a9-4923-ab08-c9cdb3a0f426/name'
10:27:19.593 [AsyncHttpClient-1-2] DEBUG org.asynchttpclient.netty.handler.HttpHandler - 

Request DefaultFullHttpRequest(decodeResult: success, version: HTTP/1.1, content: EmptyByteBufBE)
GET /session/8683bf964e2d9f6a5f9586a935a1f19e/element/a72716d2-17a9-4923-ab08-c9cdb3a0f426/name HTTP/1.1
User-Agent: selenium/4.1.2 (java windows)
Cache-Control: no-cache
Content-Type: application/json; charset=utf-8
host: localhost:56308
accept: */*

Response DefaultHttpResponse(decodeResult: success, version: HTTP/1.1)
HTTP/1.1 200 OK
Content-Type: application/json; charset=utf-8
cache-control: no-cache
content-length: 18

10:27:19.593 [AsyncHttpClient-1-2] DEBUG org.asynchttpclient.netty.channel.ChannelManager - Adding key: http://localhost:56308 for channel [id: 0xc1d3d0b3, L:/127.0.0.1:55084 - R:localhost/127.0.0.1:56308]
10:27:19.597 [Forwarding isElementEnabled on session 8683bf964e2d9f6a5f9586a935a1f19e to remote] DEBUG org.asynchttpclient.netty.request.NettyRequestSender - Using pooled Channel '[id: 0xc1d3d0b3, L:/127.0.0.1:55084 - R:localhost/127.0.0.1:56308]' for 'GET' to 'http://localhost:56308/session/8683bf964e2d9f6a5f9586a935a1f19e/element/a72716d2-17a9-4923-ab08-c9cdb3a0f426/enabled'
10:27:19.598 [Forwarding isElementEnabled on session 8683bf964e2d9f6a5f9586a935a1f19e to remote] DEBUG org.asynchttpclient.netty.request.NettyRequestSender - Using open Channel [id: 0xc1d3d0b3, L:/127.0.0.1:55084 - R:localhost/127.0.0.1:56308] for GET '/session/8683bf964e2d9f6a5f9586a935a1f19e/element/a72716d2-17a9-4923-ab08-c9cdb3a0f426/enabled'
10:27:19.612 [AsyncHttpClient-1-2] DEBUG org.asynchttpclient.netty.handler.HttpHandler - 

Request DefaultFullHttpRequest(decodeResult: success, version: HTTP/1.1, content: EmptyByteBufBE)
GET /session/8683bf964e2d9f6a5f9586a935a1f19e/element/a72716d2-17a9-4923-ab08-c9cdb3a0f426/enabled HTTP/1.1
User-Agent: selenium/4.1.2 (java windows)
Cache-Control: no-cache
Content-Type: application/json; charset=utf-8
host: localhost:56308
accept: */*

Response DefaultHttpResponse(decodeResult: success, version: HTTP/1.1)
HTTP/1.1 200 OK
Content-Type: application/json; charset=utf-8
cache-control: no-cache
content-length: 14

10:27:19.612 [AsyncHttpClient-1-2] DEBUG org.asynchttpclient.netty.channel.ChannelManager - Adding key: http://localhost:56308 for channel [id: 0xc1d3d0b3, L:/127.0.0.1:55084 - R:localhost/127.0.0.1:56308]
10:27:19.615 [Forwarding isElementEnabled on session 8683bf964e2d9f6a5f9586a935a1f19e to remote] DEBUG org.asynchttpclient.netty.request.NettyRequestSender - Using pooled Channel '[id: 0xc1d3d0b3, L:/127.0.0.1:55084 - R:localhost/127.0.0.1:56308]' for 'GET' to 'http://localhost:56308/session/8683bf964e2d9f6a5f9586a935a1f19e/element/a72716d2-17a9-4923-ab08-c9cdb3a0f426/enabled'
10:27:19.616 [Forwarding isElementEnabled on session 8683bf964e2d9f6a5f9586a935a1f19e to remote] DEBUG org.asynchttpclient.netty.request.NettyRequestSender - Using open Channel [id: 0xc1d3d0b3, L:/127.0.0.1:55084 - R:localhost/127.0.0.1:56308] for GET '/session/8683bf964e2d9f6a5f9586a935a1f19e/element/a72716d2-17a9-4923-ab08-c9cdb3a0f426/enabled'
10:27:19.626 [AsyncHttpClient-1-2] DEBUG org.asynchttpclient.netty.handler.HttpHandler - 

Request DefaultFullHttpRequest(decodeResult: success, version: HTTP/1.1, content: EmptyByteBufBE)
GET /session/8683bf964e2d9f6a5f9586a935a1f19e/element/a72716d2-17a9-4923-ab08-c9cdb3a0f426/enabled HTTP/1.1
User-Agent: selenium/4.1.2 (java windows)
Cache-Control: no-cache
Content-Type: application/json; charset=utf-8
host: localhost:56308
accept: */*

Response DefaultHttpResponse(decodeResult: success, version: HTTP/1.1)
HTTP/1.1 200 OK
Content-Type: application/json; charset=utf-8
cache-control: no-cache
content-length: 14

10:27:19.626 [AsyncHttpClient-1-2] DEBUG org.asynchttpclient.netty.channel.ChannelManager - Adding key: http://localhost:56308 for channel [id: 0xc1d3d0b3, L:/127.0.0.1:55084 - R:localhost/127.0.0.1:56308]
10:27:19.631 [Forwarding findElement on session 8683bf964e2d9f6a5f9586a935a1f19e to remote] DEBUG org.asynchttpclient.netty.request.NettyRequestSender - Using pooled Channel '[id: 0xc1d3d0b3, L:/127.0.0.1:55084 - R:localhost/127.0.0.1:56308]' for 'POST' to 'http://localhost:56308/session/8683bf964e2d9f6a5f9586a935a1f19e/element'
10:27:19.632 [Forwarding findElement on session 8683bf964e2d9f6a5f9586a935a1f19e to remote] DEBUG org.asynchttpclient.netty.request.NettyRequestSender - Using open Channel [id: 0xc1d3d0b3, L:/127.0.0.1:55084 - R:localhost/127.0.0.1:56308] for POST '/session/8683bf964e2d9f6a5f9586a935a1f19e/element'
10:27:19.661 [AsyncHttpClient-1-2] DEBUG org.asynchttpclient.netty.handler.HttpHandler - 

Request DefaultHttpRequest(decodeResult: success, version: HTTP/1.1)
POST /session/8683bf964e2d9f6a5f9586a935a1f19e/element HTTP/1.1
User-Agent: selenium/4.1.2 (java windows)
Content-Length: 65
Content-Type: application/json; charset=utf-8
host: localhost:56308
accept: */*

Response DefaultHttpResponse(decodeResult: success, version: HTTP/1.1)
HTTP/1.1 200 OK
Content-Type: application/json; charset=utf-8
cache-control: no-cache
content-length: 88

10:27:19.662 [AsyncHttpClient-1-2] DEBUG org.asynchttpclient.netty.channel.ChannelManager - Adding key: http://localhost:56308 for channel [id: 0xc1d3d0b3, L:/127.0.0.1:55084 - R:localhost/127.0.0.1:56308]
10:27:19.665 [Forwarding clickElement on session 8683bf964e2d9f6a5f9586a935a1f19e to remote] DEBUG org.asynchttpclient.netty.request.NettyRequestSender - Using pooled Channel '[id: 0xc1d3d0b3, L:/127.0.0.1:55084 - R:localhost/127.0.0.1:56308]' for 'POST' to 'http://localhost:56308/session/8683bf964e2d9f6a5f9586a935a1f19e/element/a72716d2-17a9-4923-ab08-c9cdb3a0f426/click'
[...]
10:28:08.195 [AsyncHttpClient-1-14] DEBUG org.asynchttpclient.netty.handler.HttpHandler - 

Request DefaultFullHttpRequest(decodeResult: success, version: HTTP/1.1, content: EmptyByteBufBE)
GET /session/f1d208a3b5dec9eeb0a87ecbaffdc718/element/0a11e567-e29a-4cec-915c-5623462d7d37/enabled HTTP/1.1
User-Agent: selenium/4.1.2 (java windows)
Cache-Control: no-cache
Content-Type: application/json; charset=utf-8
host: localhost:49218
accept: */*

Response DefaultHttpResponse(decodeResult: success, version: HTTP/1.1)
HTTP/1.1 200 OK
Content-Type: application/json; charset=utf-8
cache-control: no-cache
content-length: 14

10:28:08.195 [AsyncHttpClient-1-14] DEBUG org.asynchttpclient.netty.channel.ChannelManager - Adding key: http://localhost:49218 for channel [id: 0x24f59d0f, L:/127.0.0.1:55323 - R:localhost/127.0.0.1:49218]
10:28:08.196 [Forwarding findElement on session f1d208a3b5dec9eeb0a87ecbaffdc718 to remote] DEBUG org.asynchttpclient.netty.request.NettyRequestSender - Using pooled Channel '[id: 0x24f59d0f, L:/127.0.0.1:55323 - R:localhost/127.0.0.1:49218]' for 'POST' to 'http://localhost:49218/session/f1d208a3b5dec9eeb0a87ecbaffdc718/element'
10:28:08.196 [Forwarding findElement on session f1d208a3b5dec9eeb0a87ecbaffdc718 to remote] DEBUG org.asynchttpclient.netty.request.NettyRequestSender - Using open Channel [id: 0x24f59d0f, L:/127.0.0.1:55323 - R:localhost/127.0.0.1:49218] for POST '/session/f1d208a3b5dec9eeb0a87ecbaffdc718/element'
10:28:08.201 [AsyncHttpClient-1-14] DEBUG org.asynchttpclient.netty.handler.HttpHandler - 

Request DefaultHttpRequest(decodeResult: success, version: HTTP/1.1)
POST /session/f1d208a3b5dec9eeb0a87ecbaffdc718/element HTTP/1.1
User-Agent: selenium/4.1.2 (java windows)
Content-Length: 65
Content-Type: application/json; charset=utf-8
host: localhost:49218
accept: */*

Response DefaultHttpResponse(decodeResult: success, version: HTTP/1.1)
HTTP/1.1 200 OK
Content-Type: application/json; charset=utf-8
cache-control: no-cache
content-length: 88

10:28:08.201 [AsyncHttpClient-1-14] DEBUG org.asynchttpclient.netty.channel.ChannelManager - Adding key: http://localhost:49218 for channel [id: 0x24f59d0f, L:/127.0.0.1:55323 - R:localhost/127.0.0.1:49218]
10:28:08.202 [Forwarding clickElement on session f1d208a3b5dec9eeb0a87ecbaffdc718 to remote] DEBUG org.asynchttpclient.netty.request.NettyRequestSender - Using pooled Channel '[id: 0x24f59d0f, L:/127.0.0.1:55323 - R:localhost/127.0.0.1:49218]' for 'POST' to 'http://localhost:49218/session/f1d208a3b5dec9eeb0a87ecbaffdc718/element/0a11e567-e29a-4cec-915c-5623462d7d37/click'
10:28:08.202 [Forwarding clickElement on session f1d208a3b5dec9eeb0a87ecbaffdc718 to remote] DEBUG org.asynchttpclient.netty.request.NettyRequestSender - Using open Channel [id: 0x24f59d0f, L:/127.0.0.1:55323 - R:localhost/127.0.0.1:49218] for POST '/session/f1d208a3b5dec9eeb0a87ecbaffdc718/element/0a11e567-e29a-4cec-915c-5623462d7d37/click'
10:28:08.233 [AsyncHttpClient-1-14] DEBUG org.asynchttpclient.netty.handler.HttpHandler - 

Request DefaultHttpRequest(decodeResult: success, version: HTTP/1.1)
POST /session/f1d208a3b5dec9eeb0a87ecbaffdc718/element/0a11e567-e29a-4cec-915c-5623462d7d37/click HTTP/1.1
User-Agent: selenium/4.1.2 (java windows)
Content-Length: 50
Content-Type: application/json; charset=utf-8
host: localhost:49218
accept: */*

Response DefaultHttpResponse(decodeResult: success, version: HTTP/1.1)
HTTP/1.1 200 OK
Content-Type: application/json; charset=utf-8
cache-control: no-cache
content-length: 14

10:28:08.234 [AsyncHttpClient-1-14] DEBUG org.asynchttpclient.netty.channel.ChannelManager - Adding key: http://localhost:49218 for channel [id: 0x24f59d0f, L:/127.0.0.1:55323 - R:localhost/127.0.0.1:49218]
10:28:08.238 [Forwarding screenshot on session f1d208a3b5dec9eeb0a87ecbaffdc718 to remote] DEBUG org.asynchttpclient.netty.request.NettyRequestSender - Using pooled Channel '[id: 0x24f59d0f, L:/127.0.0.1:55323 - R:localhost/127.0.0.1:49218]' for 'GET' to 'http://localhost:49218/session/f1d208a3b5dec9eeb0a87ecbaffdc718/screenshot'
10:28:08.238 [Forwarding screenshot on session f1d208a3b5dec9eeb0a87ecbaffdc718 to remote] DEBUG org.asynchttpclient.netty.request.NettyRequestSender - Using open Channel [id: 0x24f59d0f, L:/127.0.0.1:55323 - R:localhost/127.0.0.1:49218] for GET '/session/f1d208a3b5dec9eeb0a87ecbaffdc718/screenshot'
10:28:08.364 [AsyncHttpClient-1-14] DEBUG org.asynchttpclient.netty.handler.HttpHandler - 

Request DefaultFullHttpRequest(decodeResult: success, version: HTTP/1.1, content: EmptyByteBufBE)
GET /session/f1d208a3b5dec9eeb0a87ecbaffdc718/screenshot HTTP/1.1
User-Agent: selenium/4.1.2 (java windows)
Cache-Control: no-cache
Content-Type: application/json; charset=utf-8
host: localhost:49218
accept: */*

Response DefaultHttpResponse(decodeResult: success, version: HTTP/1.1)
HTTP/1.1 200 OK
Content-Type: application/json; charset=utf-8
cache-control: no-cache
content-length: 226748

10:28:08.364 [AsyncHttpClient-1-14] DEBUG org.asynchttpclient.netty.channel.ChannelManager - Adding key: http://localhost:49218 for channel [id: 0x24f59d0f, L:/127.0.0.1:55323 - R:localhost/127.0.0.1:49218]
10:28:08.368 [main] DEBUG net.serenitybdd.core.photography.Darkroom - Send negative for processing for target\site\serenity\3c3fde7a49a4cf20a97e275592055bdf0910e84ef2d4177d8779941b2c46c6f3.png
10:28:08.369 [main] DEBUG net.thucydides.core.steps.StepInterceptor - STEP DONE: clickLoginButton
10:28:08.369 [Darkroom Processing Line] DEBUG net.serenitybdd.core.photography.DarkroomProcessingLine - Processing screenshot image in /var/screenshots/screenshot-1098593295676149882
  &amp#27;[32mAnd &amp#27;[0m&amp#27;[32mclick login button&amp#27;[0m                                &amp#27;[90m# starter.stepdefinitions.LoginSteps.clickLoginButton()&amp#27;[0m
10:28:08.369 [Darkroom Processing Line] DEBUG net.serenitybdd.core.photography.DarkroomProcessingLine - Saving screenshot to target\site\serenity\3c3fde7a49a4cf20a97e275592055bdf0910e84ef2d4177d8779941b2c46c6f3.png
10:28:08.380 [main] DEBUG net.thucydides.core.steps.StepInterceptor - STARTING STEP: LoginSteps.stillOnTheLoginPage - headerAppears
10:28:08.381 [Forwarding findElement on session f1d208a3b5dec9eeb0a87ecbaffdc718 to remote] DEBUG org.asynchttpclient.netty.request.NettyRequestSender - Using pooled Channel '[id: 0x24f59d0f, L:/127.0.0.1:55323 - R:localhost/127.0.0.1:49218]' for 'POST' to 'http://localhost:49218/session/f1d208a3b5dec9eeb0a87ecbaffdc718/element'
10:28:08.381 [Forwarding findElement on session f1d208a3b5dec9eeb0a87ecbaffdc718 to remote] DEBUG org.asynchttpclient.netty.request.NettyRequestSender - Using open Channel [id: 0x24f59d0f, L:/127.0.0.1:55323 - R:localhost/127.0.0.1:49218] for POST '/session/f1d208a3b5dec9eeb0a87ecbaffdc718/element'
10:28:08.390 [AsyncHttpClient-1-14] DEBUG org.asynchttpclient.netty.handler.HttpHandler - 

Request DefaultHttpRequest(decodeResult: success, version: HTTP/1.1)
POST /session/f1d208a3b5dec9eeb0a87ecbaffdc718/element HTTP/1.1
User-Agent: selenium/4.1.2 (java windows)
Content-Length: 102
Content-Type: application/json; charset=utf-8
host: localhost:49218
accept: */*

Response DefaultHttpResponse(decodeResult: success, version: HTTP/1.1)
HTTP/1.1 200 OK
Content-Type: application/json; charset=utf-8
cache-control: no-cache
content-length: 88

10:28:08.390 [AsyncHttpClient-1-14] DEBUG org.asynchttpclient.netty.channel.ChannelManager - Adding key: http://localhost:49218 for channel [id: 0x24f59d0f, L:/127.0.0.1:55323 - R:localhost/127.0.0.1:49218]
10:28:08.392 [Forwarding isElementDisplayed on session f1d208a3b5dec9eeb0a87ecbaffdc718 to remote] DEBUG org.asynchttpclient.netty.request.NettyRequestSender - Using pooled Channel '[id: 0x24f59d0f, L:/127.0.0.1:55323 - R:localhost/127.0.0.1:49218]' for 'POST' to 'http://localhost:49218/session/f1d208a3b5dec9eeb0a87ecbaffdc718/execute/sync'
10:28:08.393 [Forwarding isElementDisplayed on session f1d208a3b5dec9eeb0a87ecbaffdc718 to remote] DEBUG org.asynchttpclient.netty.request.NettyRequestSender - Using open Channel [id: 0x24f59d0f, L:/127.0.0.1:55323 - R:localhost/127.0.0.1:49218] for POST '/session/f1d208a3b5dec9eeb0a87ecbaffdc718/execute/sync'
10:28:08.401 [AsyncHttpClient-1-14] DEBUG org.asynchttpclient.netty.handler.HttpHandler - 

Request DefaultHttpRequest(decodeResult: success, version: HTTP/1.1)
POST /session/f1d208a3b5dec9eeb0a87ecbaffdc718/execute/sync HTTP/1.1
User-Agent: selenium/4.1.2 (java windows)
Content-Length: 48780
Content-Type: application/json; charset=utf-8
host: localhost:49218
accept: */*

Response DefaultHttpResponse(decodeResult: success, version: HTTP/1.1)
HTTP/1.1 200 OK
Content-Type: application/json; charset=utf-8
cache-control: no-cache
content-length: 14

10:28:08.401 [AsyncHttpClient-1-14] DEBUG org.asynchttpclient.netty.channel.ChannelManager - Adding key: http://localhost:49218 for channel [id: 0x24f59d0f, L:/127.0.0.1:55323 - R:localhost/127.0.0.1:49218]
10:28:08.404 [main] DEBUG net.thucydides.core.steps.StepInterceptor - STEP DONE: headerAppears
10:28:08.407 [main] DEBUG net.thucydides.core.steps.StepInterceptor - STARTING STEP: LoginSteps.stillOnTheLoginPage - headerTextEqual
10:28:08.408 [Forwarding findElement on session f1d208a3b5dec9eeb0a87ecbaffdc718 to remote] DEBUG org.asynchttpclient.netty.request.NettyRequestSender - Using pooled Channel '[id: 0x24f59d0f, L:/127.0.0.1:55323 - R:localhost/127.0.0.1:49218]' for 'POST' to 'http://localhost:49218/session/f1d208a3b5dec9eeb0a87ecbaffdc718/element'
10:28:08.408 [Forwarding findElement on session f1d208a3b5dec9eeb0a87ecbaffdc718 to remote] DEBUG org.asynchttpclient.netty.request.NettyRequestSender - Using open Channel [id: 0x24f59d0f, L:/127.0.0.1:55323 - R:localhost/127.0.0.1:49218] for POST '/session/f1d208a3b5dec9eeb0a87ecbaffdc718/element'
10:28:08.412 [AsyncHttpClient-1-14] DEBUG org.asynchttpclient.netty.handler.HttpHandler - 

Request DefaultHttpRequest(decodeResult: success, version: HTTP/1.1)
POST /session/f1d208a3b5dec9eeb0a87ecbaffdc718/element HTTP/1.1
User-Agent: selenium/4.1.2 (java windows)
Content-Length: 102
Content-Type: application/json; charset=utf-8
host: localhost:49218
accept: */*

Response DefaultHttpResponse(decodeResult: success, version: HTTP/1.1)
HTTP/1.1 200 OK
Content-Type: application/json; charset=utf-8
cache-control: no-cache
content-length: 88

10:28:08.412 [AsyncHttpClient-1-14] DEBUG org.asynchttpclient.netty.channel.ChannelManager - Adding key: http://localhost:49218 for channel [id: 0x24f59d0f, L:/127.0.0.1:55323 - R:localhost/127.0.0.1:49218]
10:28:08.413 [Forwarding getElementText on session f1d208a3b5dec9eeb0a87ecbaffdc718 to remote] DEBUG org.asynchttpclient.netty.request.NettyRequestSender - Using pooled Channel '[id: 0x24f59d0f, L:/127.0.0.1:55323 - R:localhost/127.0.0.1:49218]' for 'GET' to 'http://localhost:49218/session/f1d208a3b5dec9eeb0a87ecbaffdc718/element/5f315904-6d69-4c40-be9a-90eee5f7b163/text'
10:28:08.413 [Forwarding getElementText on session f1d208a3b5dec9eeb0a87ecbaffdc718 to remote] DEBUG org.asynchttpclient.netty.request.NettyRequestSender - Using open Channel [id: 0x24f59d0f, L:/127.0.0.1:55323 - R:localhost/127.0.0.1:49218] for GET '/session/f1d208a3b5dec9eeb0a87ecbaffdc718/element/5f315904-6d69-4c40-be9a-90eee5f7b163/text'
10:28:08.421 [AsyncHttpClient-1-14] DEBUG org.asynchttpclient.netty.handler.HttpHandler - 

Request DefaultFullHttpRequest(decodeResult: success, version: HTTP/1.1, content: EmptyByteBufBE)
GET /session/f1d208a3b5dec9eeb0a87ecbaffdc718/element/5f315904-6d69-4c40-be9a-90eee5f7b163/text HTTP/1.1
User-Agent: selenium/4.1.2 (java windows)
Cache-Control: no-cache
Content-Type: application/json; charset=utf-8
host: localhost:49218
accept: */*

Response DefaultHttpResponse(decodeResult: success, version: HTTP/1.1)
HTTP/1.1 200 OK
Content-Type: application/json; charset=utf-8
cache-control: no-cache
content-length: 17

10:28:08.421 [AsyncHttpClient-1-14] DEBUG org.asynchttpclient.netty.channel.ChannelManager - Adding key: http://localhost:49218 for channel [id: 0x24f59d0f, L:/127.0.0.1:55323 - R:localhost/127.0.0.1:49218]
10:28:08.424 [Forwarding screenshot on session f1d208a3b5dec9eeb0a87ecbaffdc718 to remote] DEBUG org.asynchttpclient.netty.request.NettyRequestSender - Using pooled Channel '[id: 0x24f59d0f, L:/127.0.0.1:55323 - R:localhost/127.0.0.1:49218]' for 'GET' to 'http://localhost:49218/session/f1d208a3b5dec9eeb0a87ecbaffdc718/screenshot'
10:28:08.424 [Forwarding screenshot on session f1d208a3b5dec9eeb0a87ecbaffdc718 to remote] DEBUG org.asynchttpclient.netty.request.NettyRequestSender - Using open Channel [id: 0x24f59d0f, L:/127.0.0.1:55323 - R:localhost/127.0.0.1:49218] for GET '/session/f1d208a3b5dec9eeb0a87ecbaffdc718/screenshot'
10:28:08.531 [AsyncHttpClient-1-14] DEBUG org.asynchttpclient.netty.handler.HttpHandler - 

Request DefaultFullHttpRequest(decodeResult: success, version: HTTP/1.1, content: EmptyByteBufBE)
GET /session/f1d208a3b5dec9eeb0a87ecbaffdc718/screenshot HTTP/1.1
User-Agent: selenium/4.1.2 (java windows)
Cache-Control: no-cache
Content-Type: application/json; charset=utf-8
host: localhost:49218
accept: */*

Response DefaultHttpResponse(decodeResult: success, version: HTTP/1.1)
HTTP/1.1 200 OK
Content-Type: application/json; charset=utf-8
cache-control: no-cache
content-length: 226712

10:28:08.532 [AsyncHttpClient-1-14] DEBUG org.asynchttpclient.netty.channel.ChannelManager - Adding key: http://localhost:49218 for channel [id: 0x24f59d0f, L:/127.0.0.1:55323 - R:localhost/127.0.0.1:49218]
10:28:08.536 [main] DEBUG net.serenitybdd.core.photography.Darkroom - Send negative for processing for target\site\serenity\dcf14fd066e6fe60e14fa13186370dd13536a7e9c5e28471efd6419ee0ad0cb2.png
10:28:08.536 [main] DEBUG net.thucydides.core.steps.StepInterceptor - STEP DONE: headerTextEqual
  &amp#27;[32mThen &amp#27;[0m&amp#27;[32mI'm still on the login page&amp#27;[0m                      &amp#27;[90m# starter.stepdefinitions.LoginSteps.stillOnTheLoginPage()&amp#27;[0m
10:28:08.536 [Darkroom Processing Line] DEBUG net.serenitybdd.core.photography.DarkroomProcessingLine - Processing screenshot image in /var/screenshots/screenshot-18440767562404981543
10:28:08.536 [Darkroom Processing Line] DEBUG net.serenitybdd.core.photography.DarkroomProcessingLine - Saving screenshot to target\site\serenity\dcf14fd066e6fe60e14fa13186370dd13536a7e9c5e28471efd6419ee0ad0cb2.png
10:28:08.542 [main] INFO  - 
  _____   ___   ___   _____     ___     _     ___   ___   ___   ___  
 |_   _| | __| / __| |_   _|   | _ \   /_\   / __| / __| | __| |   \ 
   | |   | _|  \__ \   | |     |  _/  / _ \  \__ \ \__ \ | _|  | |) |
   |_|   |___| |___/   |_|     |_|   /_/ \_\ |___/ |___/ |___| |___/ 

Failed login with empty username and password
----------------------------------------------------------------------
10:28:08.543 [AsyncHttpClient-1-16] DEBUG org.asynchttpclient.netty.handler.WebSocketHandler - Channel Closed: [id: 0xf61c377b, L:/127.0.0.1:55339 ! R:localhost/127.0.0.1:55329] with attribute NettyResponseFuture{currentRetry=5,
	isDone=1,
	isCancelled=0,
	asyncHandler=org.asynchttpclient.ws.WebSocketUpgradeHandler@31017274,
	nettyRequest=org.asynchttpclient.netty.request.NettyRequest@7403ea30,
	future=java.util.concurrent.CompletableFuture@7c1fc8d[Completed normally],
	uri=ws://localhost:55329/devtools/browser/8bbd3d24-76d9-4cc0-b030-5bfabb9729bb,
	keepAlive=true,
	redirectCount=0,
	timeoutsHolder=null,
	inAuth=0,
	touch=1648610881781}
10:28:08.543 [AsyncHttpClient-1-16] DEBUG org.asynchttpclient.netty.channel.ChannelManager - Closing Channel [id: 0xf61c377b, L:/127.0.0.1:55339 ! R:localhost/127.0.0.1:55329] 
10:28:08.543 [Driver Command Executor] DEBUG org.asynchttpclient.netty.request.NettyRequestSender - Using pooled Channel '[id: 0x24f59d0f, L:/127.0.0.1:55323 - R:localhost/127.0.0.1:49218]' for 'DELETE' to 'http://localhost:49218/session/f1d208a3b5dec9eeb0a87ecbaffdc718'
10:28:08.543 [Driver Command Executor] DEBUG org.asynchttpclient.netty.request.NettyRequestSender - Using open Channel [id: 0x24f59d0f, L:/127.0.0.1:55323 - R:localhost/127.0.0.1:49218] for DELETE '/session/f1d208a3b5dec9eeb0a87ecbaffdc718'
10:28:08.560 [AsyncHttpClient-1-15] DEBUG org.asynchttpclient.netty.handler.HttpHandler - Unexpected I/O exception on channel [id: 0x0bbf577e, L:/127.0.0.1:55338 - R:localhost/127.0.0.1:55329]
java.net.SocketException: Connection reset
	at java.base/sun.nio.ch.SocketChannelImpl.throwConnectionReset(SocketChannelImpl.java:394)
	at java.base/sun.nio.ch.SocketChannelImpl.read(SocketChannelImpl.java:426)
	at io.netty.buffer.PooledByteBuf.setBytes(PooledByteBuf.java:258)
	at io.netty.buffer.AbstractByteBuf.writeBytes(AbstractByteBuf.java:1132)
	at io.netty.channel.socket.nio.NioSocketChannel.doReadBytes(NioSocketChannel.java:350)
	at io.netty.channel.nio.AbstractNioByteChannel$NioByteUnsafe.read(AbstractNioByteChannel.java:151)
	at io.netty.channel.nio.NioEventLoop.processSelectedKey(NioEventLoop.java:722)
	at io.netty.channel.nio.NioEventLoop.processSelectedKeysOptimized(NioEventLoop.java:658)
	at io.netty.channel.nio.NioEventLoop.processSelectedKeys(NioEventLoop.java:584)
	at io.netty.channel.nio.NioEventLoop.run(NioEventLoop.java:496)
	at io.netty.util.concurrent.SingleThreadEventExecutor$4.run(SingleThreadEventExecutor.java:986)
	at io.netty.util.internal.ThreadExecutorMap$2.run(ThreadExecutorMap.java:74)
	at io.netty.util.concurrent.FastThreadLocalRunnable.run(FastThreadLocalRunnable.java:30)
	at java.base/java.lang.Thread.run(Thread.java:833)
10:28:08.560 [AsyncHttpClient-1-15] DEBUG org.asynchttpclient.netty.channel.ChannelManager - Closing Channel [id: 0x0bbf577e, L:/127.0.0.1:55338 - R:localhost/127.0.0.1:55329] 
10:28:08.561 [AsyncHttpClient-1-15] DEBUG org.asynchttpclient.netty.handler.HttpHandler - Channel Closed: [id: 0x0bbf577e, L:/127.0.0.1:55338 ! R:localhost/127.0.0.1:55329] with attribute DISCARD
10:28:08.575 [AsyncHttpClient-1-14] DEBUG org.asynchttpclient.netty.handler.HttpHandler - 

Request DefaultFullHttpRequest(decodeResult: success, version: HTTP/1.1, content: EmptyByteBufBE)
DELETE /session/f1d208a3b5dec9eeb0a87ecbaffdc718 HTTP/1.1
User-Agent: selenium/4.1.2 (java windows)
Content-Type: application/json; charset=utf-8
host: localhost:49218
accept: */*

Response DefaultHttpResponse(decodeResult: success, version: HTTP/1.1)
HTTP/1.1 200 OK
Content-Type: application/json; charset=utf-8
cache-control: no-cache
content-length: 14

10:28:08.576 [AsyncHttpClient-1-14] DEBUG org.asynchttpclient.netty.channel.ChannelManager - Adding key: http://localhost:49218 for channel [id: 0x24f59d0f, L:/127.0.0.1:55323 - R:localhost/127.0.0.1:49218]
10:28:08.691 [AsyncHttpClient-1-14] DEBUG org.asynchttpclient.netty.handler.HttpHandler - Channel Closed: [id: 0x24f59d0f, L:/127.0.0.1:55323 ! R:localhost/127.0.0.1:49218] with attribute DISCARD
]]></system-out>
    <system-err><![CDATA[Starting ChromeDriver 99.0.4844.51 (d537ec02474b5afe23684e7963d538896c63ac77-refs/branch-heads/4844@{#875}) on port 49218
Only local connections are allowed.
Please see https://chromedriver.chromium.org/security-considerations for suggestions on keeping ChromeDriver safe.
ChromeDriver was started successfully.
Mar 30, 2022 10:28:01 AM org.openqa.selenium.remote.ProtocolHandshake createSession
INFO: Detected dialect: W3C
Mar 30, 2022 10:28:01 AM org.openqa.selenium.devtools.CdpVersionFinder findNearestMatch
WARNING: Unable to find an exact match for CDP version 99, so returning the closest version found: 97
Mar 30, 2022 10:28:01 AM org.openqa.selenium.devtools.CdpVersionFinder findNearestMatch
INFO: Found CDP implementation for version 99 of 97
]]></system-err>
  </testcase>
</testsuite>