-------------------------------------------------------------------------------
Test set: User
-------------------------------------------------------------------------------
Tests run: 8, Failures: 5, Errors: 0, Skipped: 0, Time elapsed: 134.322 s <<< FAILURE! - in User
User.POST - As an admin I want to create new book with valid data book  Time elapsed: 61.437 s  <<< FAILURE!
java.lang.AssertionError: 
1 expectation failed.
Expected status code <201> but was <504>.


User.POST - As an admin I want to create new book with invalid data book  Time elapsed: 61.149 s  <<< FAILURE!
java.lang.AssertionError: 
1 expectation failed.
Expected status code <401> but was <504>.


User.PUT -  As an admin I want to update data book with valid data book  Time elapsed: 2.633 s  <<< FAILURE!
java.lang.AssertionError: 
1 expectation failed.
Expected status code <200> but was <404>.


User.PUT -  As an admin I want to update data book with invalid data book  Time elapsed: 0.868 s  <<< FAILURE!
java.lang.AssertionError: 
1 expectation failed.
Expected status code <400> but was <404>.


User.Delete -  As an admin I want to delete data book with valid data  Time elapsed: 0.828 s  <<< FAILURE!
java.lang.AssertionError: 
1 expectation failed.
Expected status code <204> but was <401>.


